[       9ms] [ERROR] Failed to load resource: net::ERR_CONNECTION_CLOSED @ https://gm.mmstat.com/aliyun_com.homon.tracker-event:0
[      11ms] [ERROR] Failed to load resource: net::ERR_CONNECTION_CLOSED @ https://gm.mmstat.com/aes.1.1:0
[     513ms] [WARNING] The provided value '*/*' is not a valid enum value of type XMLHttpRequestResponseType. @ https://g.alicdn.com/aliyun-help/help-portal-fe/0.12.40/js/vendor.js:7
[     526ms] [LOG] %c [APLUS] -- APLUS INIT SUCCESS background:#3B82FE; padding: 4px; padding-right: 8px; border-radius: 4px; color: #fff; @ :1
[     541ms] [LOG] Deprecated as of 10.7.0. highlightBlock will be removed entirely in v12.0 @ https://g.alicdn.com/aliyun-help/help-portal-fe/0.12.40/js/vendor.js:19
[     541ms] [LOG] Deprecated as of 10.7.0. Please use highlightElement now. @ https://g.alicdn.com/aliyun-help/help-portal-fe/0.12.40/js/vendor.js:19
[     541ms] [WARNING] One of your code blocks includes unescaped HTML. This is a potentially serious security risk. @ https://g.alicdn.com/aliyun-help/help-portal-fe/0.12.40/js/vendor.js:19
[     542ms] [WARNING] https://github.com/highlightjs/highlight.js/wiki/security @ https://g.alicdn.com/aliyun-help/help-portal-fe/0.12.40/js/vendor.js:19
[     542ms] [WARNING] The element with unescaped HTML: @ https://g.alicdn.com/aliyun-help/help-portal-fe/0.12.40/js/vendor.js:19
[     542ms] [WARNING] JSHandle@node @ https://g.alicdn.com/aliyun-help/help-portal-fe/0.12.40/js/vendor.js:19
[     544ms] [WARNING] One of your code blocks includes unescaped HTML. This is a potentially serious security risk. @ https://g.alicdn.com/aliyun-help/help-portal-fe/0.12.40/js/vendor.js:19
[     544ms] [WARNING] https://github.com/highlightjs/highlight.js/wiki/security @ https://g.alicdn.com/aliyun-help/help-portal-fe/0.12.40/js/vendor.js:19
[     544ms] [WARNING] The element with unescaped HTML: @ https://g.alicdn.com/aliyun-help/help-portal-fe/0.12.40/js/vendor.js:19
[     544ms] [WARNING] JSHandle@node @ https://g.alicdn.com/aliyun-help/help-portal-fe/0.12.40/js/vendor.js:19
[     547ms] [ERROR] Failed to load resource: net::ERR_CONNECTION_CLOSED @ https://log.mmstat.com/eg.js:0
[     547ms] [ERROR] Failed to load resource: net::ERR_CONNECTION_CLOSED @ https://gm.mmstat.com/aes.1.1:0
[     547ms] [ERROR] Failed to load resource: net::ERR_CONNECTION_CLOSED @ https://log.mmstat.com/v.gif:0
[     566ms] [ERROR] Failed to load resource: net::ERR_CONNECTION_CLOSED @ https://gm.mmstat.com/aes.1.1:0
[     574ms] [ERROR] Failed to load resource: net::ERR_CONNECTION_CLOSED @ https://gm.mmstat.com/aliyun_com.homon.homon-module:0
[     904ms] [ERROR] Failed to load resource: net::ERR_CONNECTION_CLOSED @ https://gm.mmstat.com/aes.1.1:0
[     904ms] [ERROR] Failed to load resource: net::ERR_CONNECTION_CLOSED @ https://gm.mmstat.com/aes.1.1:0
[     943ms] [ERROR] Failed to load resource: net::ERR_CONNECTION_CLOSED @ https://gm.mmstat.com/aes.1.1:0
[     944ms] [ERROR] Failed to load resource: net::ERR_CONNECTION_CLOSED @ https://gm.mmstat.com/aes.1.1:0
[    1004ms] [ERROR] Failed to load resource: net::ERR_CONNECTION_CLOSED @ https://gm.mmstat.com/aes.1.1:0
[    1080ms] [ERROR] Failed to load resource: net::ERR_CONNECTION_CLOSED @ https://gm.mmstat.com/aliyun_com.homon.homon-module:0
[    1117ms] [ERROR] Failed to load resource: net::ERR_CONNECTION_CLOSED @ https://gm.mmstat.com/aes.1.1:0
[    1273ms] [ERROR] Failed to load resource: net::ERR_CONNECTION_CLOSED @ https://gm.mmstat.com/aes.1.1:0
[    1277ms] [ERROR] Failed to load resource: net::ERR_CONNECTION_CLOSED @ https://gm.mmstat.com/aliyun_com.homon.tracker-scm:0
[    3544ms] [ERROR] Failed to load resource: net::ERR_CONNECTION_CLOSED @ https://gm.mmstat.com/aliyun_com.homon.tracker-event:0
[   10416ms] [ERROR] Failed to load resource: net::ERR_CONNECTION_CLOSED @ https://gm.mmstat.com/aliyun_com.homon.tracker-scm:0
[   10772ms] [LOG] Sat May 09 2026 14:08:52 GMT+0800 (中国标准时间) @ https://g.alicdn.com/AWSC/et/1.83.41/et_f.js:1
[   10930ms] [ERROR] Failed to load resource: net::ERR_CONNECTION_CLOSED @ https://gm.mmstat.com/aes.1.1:0
[   11031ms] [ERROR] Failed to load resource: net::ERR_CONNECTION_CLOSED @ https://gm.mmstat.com/aes.1.1:0
[   15582ms] [ERROR] Failed to load resource: net::ERR_CONNECTION_CLOSED @ https://gm.mmstat.com/aes.1.1:0
[   20415ms] [ERROR] Failed to load resource: net::ERR_CONNECTION_CLOSED @ https://gm.mmstat.com/aliyun_com.homon.tracker-scm:0
[   21067ms] [ERROR] Failed to load resource: net::ERR_CONNECTION_CLOSED @ https://gm.mmstat.com/aes.1.1:0
[   30415ms] [ERROR] Failed to load resource: net::ERR_CONNECTION_CLOSED @ https://gm.mmstat.com/aliyun_com.homon.tracker-scm:0
[   30544ms] [ERROR] Failed to load resource: net::ERR_CONNECTION_CLOSED @ https://gm.mmstat.com/aliyun_com.homon.tracker-event:0
[   40416ms] [ERROR] Failed to load resource: net::ERR_CONNECTION_CLOSED @ https://gm.mmstat.com/aliyun_com.homon.tracker-scm:0
[   50419ms] [ERROR] Failed to load resource: net::ERR_CONNECTION_CLOSED @ https://gm.mmstat.com/aliyun_com.homon.tracker-scm:0
[   60420ms] [ERROR] Failed to load resource: net::ERR_CONNECTION_CLOSED @ https://gm.mmstat.com/aliyun_com.homon.tracker-scm:0
[   70419ms] [ERROR] Failed to load resource: net::ERR_CONNECTION_CLOSED @ https://gm.mmstat.com/aliyun_com.homon.tracker-scm:0
[   80419ms] [ERROR] Failed to load resource: net::ERR_CONNECTION_CLOSED @ https://gm.mmstat.com/aliyun_com.homon.tracker-scm:0
[   90421ms] [ERROR] Failed to load resource: net::ERR_CONNECTION_CLOSED @ https://gm.mmstat.com/aliyun_com.homon.tracker-scm:0
[  100420ms] [ERROR] Failed to load resource: net::ERR_CONNECTION_CLOSED @ https://gm.mmstat.com/aliyun_com.homon.tracker-scm:0
[  110421ms] [ERROR] Failed to load resource: net::ERR_CONNECTION_CLOSED @ https://gm.mmstat.com/aliyun_com.homon.tracker-scm:0
[  120420ms] [ERROR] Failed to load resource: net::ERR_CONNECTION_CLOSED @ https://gm.mmstat.com/aliyun_com.homon.tracker-scm:0
[  130421ms] [ERROR] Failed to load resource: net::ERR_CONNECTION_CLOSED @ https://gm.mmstat.com/aliyun_com.homon.tracker-scm:0
[  140421ms] [ERROR] Failed to load resource: net::ERR_CONNECTION_CLOSED @ https://gm.mmstat.com/aliyun_com.homon.tracker-scm:0
[  150422ms] [ERROR] Failed to load resource: net::ERR_CONNECTION_CLOSED @ https://gm.mmstat.com/aliyun_com.homon.tracker-scm:0
[  160421ms] [ERROR] Failed to load resource: net::ERR_CONNECTION_CLOSED @ https://gm.mmstat.com/aliyun_com.homon.tracker-scm:0
[  170421ms] [ERROR] Failed to load resource: net::ERR_CONNECTION_CLOSED @ https://gm.mmstat.com/aliyun_com.homon.tracker-scm:0
[  180421ms] [ERROR] Failed to load resource: net::ERR_CONNECTION_CLOSED @ https://gm.mmstat.com/aliyun_com.homon.tracker-scm:0
[  190420ms] [ERROR] Failed to load resource: net::ERR_CONNECTION_CLOSED @ https://gm.mmstat.com/aliyun_com.homon.tracker-scm:0
[  200420ms] [ERROR] Failed to load resource: net::ERR_CONNECTION_CLOSED @ https://gm.mmstat.com/aliyun_com.homon.tracker-scm:0
[  210421ms] [ERROR] Failed to load resource: net::ERR_CONNECTION_CLOSED @ https://gm.mmstat.com/aliyun_com.homon.tracker-scm:0
[  220419ms] [ERROR] Failed to load resource: net::ERR_CONNECTION_CLOSED @ https://gm.mmstat.com/aliyun_com.homon.tracker-scm:0
[  230419ms] [ERROR] Failed to load resource: net::ERR_CONNECTION_CLOSED @ https://gm.mmstat.com/aliyun_com.homon.tracker-scm:0
[  240419ms] [ERROR] Failed to load resource: net::ERR_CONNECTION_CLOSED @ https://gm.mmstat.com/aliyun_com.homon.tracker-scm:0
[  250420ms] [ERROR] Failed to load resource: net::ERR_CONNECTION_CLOSED @ https://gm.mmstat.com/aliyun_com.homon.tracker-scm:0
[  260420ms] [ERROR] Failed to load resource: net::ERR_CONNECTION_CLOSED @ https://gm.mmstat.com/aliyun_com.homon.tracker-scm:0
[  270422ms] [ERROR] Failed to load resource: net::ERR_CONNECTION_CLOSED @ https://gm.mmstat.com/aliyun_com.homon.tracker-scm:0
[  280420ms] [ERROR] Failed to load resource: net::ERR_CONNECTION_CLOSED @ https://gm.mmstat.com/aliyun_com.homon.tracker-scm:0
[  290420ms] [ERROR] Failed to load resource: net::ERR_CONNECTION_CLOSED @ https://gm.mmstat.com/aliyun_com.homon.tracker-scm:0
[  300419ms] [ERROR] Failed to load resource: net::ERR_CONNECTION_CLOSED @ https://gm.mmstat.com/aliyun_com.homon.tracker-scm:0
[  310420ms] [ERROR] Failed to load resource: net::ERR_CONNECTION_CLOSED @ https://gm.mmstat.com/aliyun_com.homon.tracker-scm:0
[  320420ms] [ERROR] Failed to load resource: net::ERR_CONNECTION_CLOSED @ https://gm.mmstat.com/aliyun_com.homon.tracker-scm:0
[  330420ms] [ERROR] Failed to load resource: net::ERR_CONNECTION_CLOSED @ https://gm.mmstat.com/aliyun_com.homon.tracker-scm:0
[  340419ms] [ERROR] Failed to load resource: net::ERR_CONNECTION_CLOSED @ https://gm.mmstat.com/aliyun_com.homon.tracker-scm:0
[  350421ms] [ERROR] Failed to load resource: net::ERR_CONNECTION_CLOSED @ https://gm.mmstat.com/aliyun_com.homon.tracker-scm:0
[  360419ms] [ERROR] Failed to load resource: net::ERR_CONNECTION_CLOSED @ https://gm.mmstat.com/aliyun_com.homon.tracker-scm:0
[  370420ms] [ERROR] Failed to load resource: net::ERR_CONNECTION_CLOSED @ https://gm.mmstat.com/aliyun_com.homon.tracker-scm:0
[  380421ms] [ERROR] Failed to load resource: net::ERR_CONNECTION_CLOSED @ https://gm.mmstat.com/aliyun_com.homon.tracker-scm:0
[  390420ms] [ERROR] Failed to load resource: net::ERR_CONNECTION_CLOSED @ https://gm.mmstat.com/aliyun_com.homon.tracker-scm:0
[  400422ms] [ERROR] Failed to load resource: net::ERR_CONNECTION_CLOSED @ https://gm.mmstat.com/aliyun_com.homon.tracker-scm:0
[  410419ms] [ERROR] Failed to load resource: net::ERR_CONNECTION_CLOSED @ https://gm.mmstat.com/aliyun_com.homon.tracker-scm:0
[  420421ms] [ERROR] Failed to load resource: net::ERR_CONNECTION_CLOSED @ https://gm.mmstat.com/aliyun_com.homon.tracker-scm:0
[  430419ms] [ERROR] Failed to load resource: net::ERR_CONNECTION_CLOSED @ https://gm.mmstat.com/aliyun_com.homon.tracker-scm:0
[  440421ms] [ERROR] Failed to load resource: net::ERR_CONNECTION_CLOSED @ https://gm.mmstat.com/aliyun_com.homon.tracker-scm:0
[  450419ms] [ERROR] Failed to load resource: net::ERR_CONNECTION_CLOSED @ https://gm.mmstat.com/aliyun_com.homon.tracker-scm:0
[  460420ms] [ERROR] Failed to load resource: net::ERR_CONNECTION_CLOSED @ https://gm.mmstat.com/aliyun_com.homon.tracker-scm:0
[  470421ms] [ERROR] Failed to load resource: net::ERR_CONNECTION_CLOSED @ https://gm.mmstat.com/aliyun_com.homon.tracker-scm:0
[  480421ms] [ERROR] Failed to load resource: net::ERR_CONNECTION_CLOSED @ https://gm.mmstat.com/aliyun_com.homon.tracker-scm:0
[  490419ms] [ERROR] Failed to load resource: net::ERR_CONNECTION_CLOSED @ https://gm.mmstat.com/aliyun_com.homon.tracker-scm:0
[  500420ms] [ERROR] Failed to load resource: net::ERR_CONNECTION_CLOSED @ https://gm.mmstat.com/aliyun_com.homon.tracker-scm:0
[  510420ms] [ERROR] Failed to load resource: net::ERR_CONNECTION_CLOSED @ https://gm.mmstat.com/aliyun_com.homon.tracker-scm:0
[  520421ms] [ERROR] Failed to load resource: net::ERR_CONNECTION_CLOSED @ https://gm.mmstat.com/aliyun_com.homon.tracker-scm:0
[  530419ms] [ERROR] Failed to load resource: net::ERR_CONNECTION_CLOSED @ https://gm.mmstat.com/aliyun_com.homon.tracker-scm:0
[  540421ms] [ERROR] Failed to load resource: net::ERR_CONNECTION_CLOSED @ https://gm.mmstat.com/aliyun_com.homon.tracker-scm:0
[  550420ms] [ERROR] Failed to load resource: net::ERR_CONNECTION_CLOSED @ https://gm.mmstat.com/aliyun_com.homon.tracker-scm:0
[  560421ms] [ERROR] Failed to load resource: net::ERR_CONNECTION_CLOSED @ https://gm.mmstat.com/aliyun_com.homon.tracker-scm:0
[  570422ms] [ERROR] Failed to load resource: net::ERR_CONNECTION_CLOSED @ https://gm.mmstat.com/aliyun_com.homon.tracker-scm:0
[  580419ms] [ERROR] Failed to load resource: net::ERR_CONNECTION_CLOSED @ https://gm.mmstat.com/aliyun_com.homon.tracker-scm:0
[  590422ms] [ERROR] Failed to load resource: net::ERR_CONNECTION_CLOSED @ https://gm.mmstat.com/aliyun_com.homon.tracker-scm:0
[  600421ms] [ERROR] Failed to load resource: net::ERR_CONNECTION_CLOSED @ https://gm.mmstat.com/aliyun_com.homon.tracker-scm:0
[  610420ms] [ERROR] Failed to load resource: net::ERR_CONNECTION_CLOSED @ https://gm.mmstat.com/aliyun_com.homon.tracker-scm:0
[  620420ms] [ERROR] Failed to load resource: net::ERR_CONNECTION_CLOSED @ https://gm.mmstat.com/aliyun_com.homon.tracker-scm:0
[  630421ms] [ERROR] Failed to load resource: net::ERR_CONNECTION_CLOSED @ https://gm.mmstat.com/aliyun_com.homon.tracker-scm:0
[  640421ms] [ERROR] Failed to load resource: net::ERR_CONNECTION_CLOSED @ https://gm.mmstat.com/aliyun_com.homon.tracker-scm:0
[  650421ms] [ERROR] Failed to load resource: net::ERR_CONNECTION_CLOSED @ https://gm.mmstat.com/aliyun_com.homon.tracker-scm:0
[  660425ms] [ERROR] Failed to load resource: net::ERR_CONNECTION_CLOSED @ https://gm.mmstat.com/aliyun_com.homon.tracker-scm:0
[  670423ms] [ERROR] Failed to load resource: net::ERR_CONNECTION_CLOSED @ https://gm.mmstat.com/aliyun_com.homon.tracker-scm:0
[  680421ms] [ERROR] Failed to load resource: net::ERR_CONNECTION_CLOSED @ https://gm.mmstat.com/aliyun_com.homon.tracker-scm:0
[  690420ms] [ERROR] Failed to load resource: net::ERR_CONNECTION_CLOSED @ https://gm.mmstat.com/aliyun_com.homon.tracker-scm:0
[  700418ms] [ERROR] Failed to load resource: net::ERR_CONNECTION_CLOSED @ https://gm.mmstat.com/aliyun_com.homon.tracker-scm:0
[  710420ms] [ERROR] Failed to load resource: net::ERR_CONNECTION_CLOSED @ https://gm.mmstat.com/aliyun_com.homon.tracker-scm:0
[  720420ms] [ERROR] Failed to load resource: net::ERR_CONNECTION_CLOSED @ https://gm.mmstat.com/aliyun_com.homon.tracker-scm:0
[  730419ms] [ERROR] Failed to load resource: net::ERR_CONNECTION_CLOSED @ https://gm.mmstat.com/aliyun_com.homon.tracker-scm:0
[  740421ms] [ERROR] Failed to load resource: net::ERR_CONNECTION_CLOSED @ https://gm.mmstat.com/aliyun_com.homon.tracker-scm:0
[  750419ms] [ERROR] Failed to load resource: net::ERR_CONNECTION_CLOSED @ https://gm.mmstat.com/aliyun_com.homon.tracker-scm:0
[  760420ms] [ERROR] Failed to load resource: net::ERR_CONNECTION_CLOSED @ https://gm.mmstat.com/aliyun_com.homon.tracker-scm:0
[  770420ms] [ERROR] Failed to load resource: net::ERR_CONNECTION_CLOSED @ https://gm.mmstat.com/aliyun_com.homon.tracker-scm:0
[  780420ms] [ERROR] Failed to load resource: net::ERR_CONNECTION_CLOSED @ https://gm.mmstat.com/aliyun_com.homon.tracker-scm:0
[  790421ms] [ERROR] Failed to load resource: net::ERR_CONNECTION_CLOSED @ https://gm.mmstat.com/aliyun_com.homon.tracker-scm:0
[  800419ms] [ERROR] Failed to load resource: net::ERR_CONNECTION_CLOSED @ https://gm.mmstat.com/aliyun_com.homon.tracker-scm:0
[  810421ms] [ERROR] Failed to load resource: net::ERR_CONNECTION_CLOSED @ https://gm.mmstat.com/aliyun_com.homon.tracker-scm:0
[  820420ms] [ERROR] Failed to load resource: net::ERR_CONNECTION_CLOSED @ https://gm.mmstat.com/aliyun_com.homon.tracker-scm:0
[  830419ms] [ERROR] Failed to load resource: net::ERR_CONNECTION_CLOSED @ https://gm.mmstat.com/aliyun_com.homon.tracker-scm:0
[  840419ms] [ERROR] Failed to load resource: net::ERR_CONNECTION_CLOSED @ https://gm.mmstat.com/aliyun_com.homon.tracker-scm:0
[  850420ms] [ERROR] Failed to load resource: net::ERR_CONNECTION_CLOSED @ https://gm.mmstat.com/aliyun_com.homon.tracker-scm:0
[  860421ms] [ERROR] Failed to load resource: net::ERR_CONNECTION_CLOSED @ https://gm.mmstat.com/aliyun_com.homon.tracker-scm:0
[  870420ms] [ERROR] Failed to load resource: net::ERR_CONNECTION_CLOSED @ https://gm.mmstat.com/aliyun_com.homon.tracker-scm:0
[  880419ms] [ERROR] Failed to load resource: net::ERR_CONNECTION_CLOSED @ https://gm.mmstat.com/aliyun_com.homon.tracker-scm:0
[  890420ms] [ERROR] Failed to load resource: net::ERR_CONNECTION_CLOSED @ https://gm.mmstat.com/aliyun_com.homon.tracker-scm:0
[  900420ms] [ERROR] Failed to load resource: net::ERR_CONNECTION_CLOSED @ https://gm.mmstat.com/aliyun_com.homon.tracker-scm:0
[  910419ms] [ERROR] Failed to load resource: net::ERR_CONNECTION_CLOSED @ https://gm.mmstat.com/aliyun_com.homon.tracker-scm:0
[  920420ms] [ERROR] Failed to load resource: net::ERR_CONNECTION_CLOSED @ https://gm.mmstat.com/aliyun_com.homon.tracker-scm:0
[  930419ms] [ERROR] Failed to load resource: net::ERR_CONNECTION_CLOSED @ https://gm.mmstat.com/aliyun_com.homon.tracker-scm:0
[  940419ms] [ERROR] Failed to load resource: net::ERR_CONNECTION_CLOSED @ https://gm.mmstat.com/aliyun_com.homon.tracker-scm:0
[  950422ms] [ERROR] Failed to load resource: net::ERR_CONNECTION_CLOSED @ https://gm.mmstat.com/aliyun_com.homon.tracker-scm:0
[  960419ms] [ERROR] Failed to load resource: net::ERR_CONNECTION_CLOSED @ https://gm.mmstat.com/aliyun_com.homon.tracker-scm:0
[  970420ms] [ERROR] Failed to load resource: net::ERR_CONNECTION_CLOSED @ https://gm.mmstat.com/aliyun_com.homon.tracker-scm:0
[  980421ms] [ERROR] Failed to load resource: net::ERR_CONNECTION_CLOSED @ https://gm.mmstat.com/aliyun_com.homon.tracker-scm:0
[  990419ms] [ERROR] Failed to load resource: net::ERR_CONNECTION_CLOSED @ https://gm.mmstat.com/aliyun_com.homon.tracker-scm:0
[ 1000419ms] [ERROR] Failed to load resource: net::ERR_CONNECTION_CLOSED @ https://gm.mmstat.com/aliyun_com.homon.tracker-scm:0
[ 1010420ms] [ERROR] Failed to load resource: net::ERR_CONNECTION_CLOSED @ https://gm.mmstat.com/aliyun_com.homon.tracker-scm:0
[ 1020419ms] [ERROR] Failed to load resource: net::ERR_CONNECTION_CLOSED @ https://gm.mmstat.com/aliyun_com.homon.tracker-scm:0
[ 1030421ms] [ERROR] Failed to load resource: net::ERR_CONNECTION_CLOSED @ https://gm.mmstat.com/aliyun_com.homon.tracker-scm:0
[ 1040422ms] [ERROR] Failed to load resource: net::ERR_CONNECTION_CLOSED @ https://gm.mmstat.com/aliyun_com.homon.tracker-scm:0
[ 1050420ms] [ERROR] Failed to load resource: net::ERR_CONNECTION_CLOSED @ https://gm.mmstat.com/aliyun_com.homon.tracker-scm:0
[ 1060422ms] [ERROR] Failed to load resource: net::ERR_CONNECTION_CLOSED @ https://gm.mmstat.com/aliyun_com.homon.tracker-scm:0
[ 1070419ms] [ERROR] Failed to load resource: net::ERR_CONNECTION_CLOSED @ https://gm.mmstat.com/aliyun_com.homon.tracker-scm:0
[ 1080419ms] [ERROR] Failed to load resource: net::ERR_CONNECTION_CLOSED @ https://gm.mmstat.com/aliyun_com.homon.tracker-scm:0
[ 1090420ms] [ERROR] Failed to load resource: net::ERR_CONNECTION_CLOSED @ https://gm.mmstat.com/aliyun_com.homon.tracker-scm:0
[ 1100420ms] [ERROR] Failed to load resource: net::ERR_CONNECTION_CLOSED @ https://gm.mmstat.com/aliyun_com.homon.tracker-scm:0
[ 1110421ms] [ERROR] Failed to load resource: net::ERR_CONNECTION_CLOSED @ https://gm.mmstat.com/aliyun_com.homon.tracker-scm:0
[ 1120420ms] [ERROR] Failed to load resource: net::ERR_CONNECTION_CLOSED @ https://gm.mmstat.com/aliyun_com.homon.tracker-scm:0
[ 1130420ms] [ERROR] Failed to load resource: net::ERR_CONNECTION_CLOSED @ https://gm.mmstat.com/aliyun_com.homon.tracker-scm:0
[ 1140427ms] [ERROR] Failed to load resource: net::ERR_CONNECTION_CLOSED @ https://gm.mmstat.com/aliyun_com.homon.tracker-scm:0
[ 1150420ms] [ERROR] Failed to load resource: net::ERR_CONNECTION_CLOSED @ https://gm.mmstat.com/aliyun_com.homon.tracker-scm:0
[ 1160420ms] [ERROR] Failed to load resource: net::ERR_CONNECTION_CLOSED @ https://gm.mmstat.com/aliyun_com.homon.tracker-scm:0
[ 1170420ms] [ERROR] Failed to load resource: net::ERR_CONNECTION_CLOSED @ https://gm.mmstat.com/aliyun_com.homon.tracker-scm:0
[ 1180420ms] [ERROR] Failed to load resource: net::ERR_CONNECTION_CLOSED @ https://gm.mmstat.com/aliyun_com.homon.tracker-scm:0
[ 1190421ms] [ERROR] Failed to load resource: net::ERR_CONNECTION_CLOSED @ https://gm.mmstat.com/aliyun_com.homon.tracker-scm:0
[ 1200420ms] [ERROR] Failed to load resource: net::ERR_CONNECTION_CLOSED @ https://gm.mmstat.com/aliyun_com.homon.tracker-scm:0
[ 1210419ms] [ERROR] Failed to load resource: net::ERR_CONNECTION_CLOSED @ https://gm.mmstat.com/aliyun_com.homon.tracker-scm:0
[ 1220420ms] [ERROR] Failed to load resource: net::ERR_CONNECTION_CLOSED @ https://gm.mmstat.com/aliyun_com.homon.tracker-scm:0
[ 1230421ms] [ERROR] Failed to load resource: net::ERR_CONNECTION_CLOSED @ https://gm.mmstat.com/aliyun_com.homon.tracker-scm:0
[ 1240421ms] [ERROR] Failed to load resource: net::ERR_CONNECTION_CLOSED @ https://gm.mmstat.com/aliyun_com.homon.tracker-scm:0
[ 1250421ms] [ERROR] Failed to load resource: net::ERR_CONNECTION_CLOSED @ https://gm.mmstat.com/aliyun_com.homon.tracker-scm:0
[ 1260421ms] [ERROR] Failed to load resource: net::ERR_CONNECTION_CLOSED @ https://gm.mmstat.com/aliyun_com.homon.tracker-scm:0
[ 1270420ms] [ERROR] Failed to load resource: net::ERR_CONNECTION_CLOSED @ https://gm.mmstat.com/aliyun_com.homon.tracker-scm:0
[ 1280422ms] [ERROR] Failed to load resource: net::ERR_CONNECTION_CLOSED @ https://gm.mmstat.com/aliyun_com.homon.tracker-scm:0
[ 1290419ms] [ERROR] Failed to load resource: net::ERR_CONNECTION_CLOSED @ https://gm.mmstat.com/aliyun_com.homon.tracker-scm:0
[ 1300422ms] [ERROR] Failed to load resource: net::ERR_CONNECTION_CLOSED @ https://gm.mmstat.com/aliyun_com.homon.tracker-scm:0
[ 1310419ms] [ERROR] Failed to load resource: net::ERR_CONNECTION_CLOSED @ https://gm.mmstat.com/aliyun_com.homon.tracker-scm:0
[ 1320419ms] [ERROR] Failed to load resource: net::ERR_CONNECTION_CLOSED @ https://gm.mmstat.com/aliyun_com.homon.tracker-scm:0
[ 1330419ms] [ERROR] Failed to load resource: net::ERR_CONNECTION_CLOSED @ https://gm.mmstat.com/aliyun_com.homon.tracker-scm:0
[ 1340421ms] [ERROR] Failed to load resource: net::ERR_CONNECTION_CLOSED @ https://gm.mmstat.com/aliyun_com.homon.tracker-scm:0
[ 1350420ms] [ERROR] Failed to load resource: net::ERR_CONNECTION_CLOSED @ https://gm.mmstat.com/aliyun_com.homon.tracker-scm:0
[ 1360420ms] [ERROR] Failed to load resource: net::ERR_CONNECTION_CLOSED @ https://gm.mmstat.com/aliyun_com.homon.tracker-scm:0
[ 1370421ms] [ERROR] Failed to load resource: net::ERR_CONNECTION_CLOSED @ https://gm.mmstat.com/aliyun_com.homon.tracker-scm:0
[ 1380419ms] [ERROR] Failed to load resource: net::ERR_CONNECTION_CLOSED @ https://gm.mmstat.com/aliyun_com.homon.tracker-scm:0
[ 1390419ms] [ERROR] Failed to load resource: net::ERR_CONNECTION_CLOSED @ https://gm.mmstat.com/aliyun_com.homon.tracker-scm:0
[ 1400421ms] [ERROR] Failed to load resource: net::ERR_CONNECTION_CLOSED @ https://gm.mmstat.com/aliyun_com.homon.tracker-scm:0
[ 1410420ms] [ERROR] Failed to load resource: net::ERR_CONNECTION_CLOSED @ https://gm.mmstat.com/aliyun_com.homon.tracker-scm:0
[ 1420421ms] [ERROR] Failed to load resource: net::ERR_CONNECTION_CLOSED @ https://gm.mmstat.com/aliyun_com.homon.tracker-scm:0
[ 1430420ms] [ERROR] Failed to load resource: net::ERR_CONNECTION_CLOSED @ https://gm.mmstat.com/aliyun_com.homon.tracker-scm:0
[ 1440420ms] [ERROR] Failed to load resource: net::ERR_CONNECTION_CLOSED @ https://gm.mmstat.com/aliyun_com.homon.tracker-scm:0
[ 1450419ms] [ERROR] Failed to load resource: net::ERR_CONNECTION_CLOSED @ https://gm.mmstat.com/aliyun_com.homon.tracker-scm:0
[ 1460419ms] [ERROR] Failed to load resource: net::ERR_CONNECTION_CLOSED @ https://gm.mmstat.com/aliyun_com.homon.tracker-scm:0
[ 1470420ms] [ERROR] Failed to load resource: net::ERR_CONNECTION_CLOSED @ https://gm.mmstat.com/aliyun_com.homon.tracker-scm:0
[ 1480420ms] [ERROR] Failed to load resource: net::ERR_CONNECTION_CLOSED @ https://gm.mmstat.com/aliyun_com.homon.tracker-scm:0
[ 1490420ms] [ERROR] Failed to load resource: net::ERR_CONNECTION_CLOSED @ https://gm.mmstat.com/aliyun_com.homon.tracker-scm:0
[ 1500421ms] [ERROR] Failed to load resource: net::ERR_CONNECTION_CLOSED @ https://gm.mmstat.com/aliyun_com.homon.tracker-scm:0
[ 1510421ms] [ERROR] Failed to load resource: net::ERR_CONNECTION_CLOSED @ https://gm.mmstat.com/aliyun_com.homon.tracker-scm:0
[ 1520421ms] [ERROR] Failed to load resource: net::ERR_CONNECTION_CLOSED @ https://gm.mmstat.com/aliyun_com.homon.tracker-scm:0
[ 1530419ms] [ERROR] Failed to load resource: net::ERR_CONNECTION_CLOSED @ https://gm.mmstat.com/aliyun_com.homon.tracker-scm:0
[ 1540419ms] [ERROR] Failed to load resource: net::ERR_CONNECTION_CLOSED @ https://gm.mmstat.com/aliyun_com.homon.tracker-scm:0
[ 1550420ms] [ERROR] Failed to load resource: net::ERR_CONNECTION_CLOSED @ https://gm.mmstat.com/aliyun_com.homon.tracker-scm:0
[ 1560420ms] [ERROR] Failed to load resource: net::ERR_CONNECTION_CLOSED @ https://gm.mmstat.com/aliyun_com.homon.tracker-scm:0
[ 1570419ms] [ERROR] Failed to load resource: net::ERR_CONNECTION_CLOSED @ https://gm.mmstat.com/aliyun_com.homon.tracker-scm:0
[ 1580419ms] [ERROR] Failed to load resource: net::ERR_CONNECTION_CLOSED @ https://gm.mmstat.com/aliyun_com.homon.tracker-scm:0
[ 1590418ms] [ERROR] Failed to load resource: net::ERR_CONNECTION_CLOSED @ https://gm.mmstat.com/aliyun_com.homon.tracker-scm:0
[ 1600420ms] [ERROR] Failed to load resource: net::ERR_CONNECTION_CLOSED @ https://gm.mmstat.com/aliyun_com.homon.tracker-scm:0
[ 1610418ms] [ERROR] Failed to load resource: net::ERR_CONNECTION_CLOSED @ https://gm.mmstat.com/aliyun_com.homon.tracker-scm:0
[ 1620419ms] [ERROR] Failed to load resource: net::ERR_CONNECTION_CLOSED @ https://gm.mmstat.com/aliyun_com.homon.tracker-scm:0
[ 1630420ms] [ERROR] Failed to load resource: net::ERR_CONNECTION_CLOSED @ https://gm.mmstat.com/aliyun_com.homon.tracker-scm:0
[ 1640420ms] [ERROR] Failed to load resource: net::ERR_CONNECTION_CLOSED @ https://gm.mmstat.com/aliyun_com.homon.tracker-scm:0
[ 1650420ms] [ERROR] Failed to load resource: net::ERR_CONNECTION_CLOSED @ https://gm.mmstat.com/aliyun_com.homon.tracker-scm:0
[ 1660420ms] [ERROR] Failed to load resource: net::ERR_CONNECTION_CLOSED @ https://gm.mmstat.com/aliyun_com.homon.tracker-scm:0
[ 1670420ms] [ERROR] Failed to load resource: net::ERR_CONNECTION_CLOSED @ https://gm.mmstat.com/aliyun_com.homon.tracker-scm:0
[ 1680420ms] [ERROR] Failed to load resource: net::ERR_CONNECTION_CLOSED @ https://gm.mmstat.com/aliyun_com.homon.tracker-scm:0
[ 1690419ms] [ERROR] Failed to load resource: net::ERR_CONNECTION_CLOSED @ https://gm.mmstat.com/aliyun_com.homon.tracker-scm:0
[ 1700420ms] [ERROR] Failed to load resource: net::ERR_CONNECTION_CLOSED @ https://gm.mmstat.com/aliyun_com.homon.tracker-scm:0
[ 1710420ms] [ERROR] Failed to load resource: net::ERR_CONNECTION_CLOSED @ https://gm.mmstat.com/aliyun_com.homon.tracker-scm:0
[ 1720420ms] [ERROR] Failed to load resource: net::ERR_CONNECTION_CLOSED @ https://gm.mmstat.com/aliyun_com.homon.tracker-scm:0
[ 1730420ms] [ERROR] Failed to load resource: net::ERR_CONNECTION_CLOSED @ https://gm.mmstat.com/aliyun_com.homon.tracker-scm:0
[ 1740419ms] [ERROR] Failed to load resource: net::ERR_CONNECTION_CLOSED @ https://gm.mmstat.com/aliyun_com.homon.tracker-scm:0
[ 1750420ms] [ERROR] Failed to load resource: net::ERR_CONNECTION_CLOSED @ https://gm.mmstat.com/aliyun_com.homon.tracker-scm:0
[ 1760420ms] [ERROR] Failed to load resource: net::ERR_CONNECTION_CLOSED @ https://gm.mmstat.com/aliyun_com.homon.tracker-scm:0
[ 1770422ms] [ERROR] Failed to load resource: net::ERR_CONNECTION_CLOSED @ https://gm.mmstat.com/aliyun_com.homon.tracker-scm:0
[ 1780422ms] [ERROR] Failed to load resource: net::ERR_CONNECTION_CLOSED @ https://gm.mmstat.com/aliyun_com.homon.tracker-scm:0
[ 1790421ms] [ERROR] Failed to load resource: net::ERR_CONNECTION_CLOSED @ https://gm.mmstat.com/aliyun_com.homon.tracker-scm:0
[ 1800419ms] [ERROR] Failed to load resource: net::ERR_CONNECTION_CLOSED @ https://gm.mmstat.com/aliyun_com.homon.tracker-scm:0
[ 1810422ms] [ERROR] Failed to load resource: net::ERR_CONNECTION_CLOSED @ https://gm.mmstat.com/aliyun_com.homon.tracker-scm:0
[ 1820420ms] [ERROR] Failed to load resource: net::ERR_CONNECTION_CLOSED @ https://gm.mmstat.com/aliyun_com.homon.tracker-scm:0
[ 1830419ms] [ERROR] Failed to load resource: net::ERR_CONNECTION_CLOSED @ https://gm.mmstat.com/aliyun_com.homon.tracker-scm:0
[ 1840422ms] [ERROR] Failed to load resource: net::ERR_CONNECTION_CLOSED @ https://gm.mmstat.com/aliyun_com.homon.tracker-scm:0
[ 1850419ms] [ERROR] Failed to load resource: net::ERR_CONNECTION_CLOSED @ https://gm.mmstat.com/aliyun_com.homon.tracker-scm:0
[ 1860420ms] [ERROR] Failed to load resource: net::ERR_CONNECTION_CLOSED @ https://gm.mmstat.com/aliyun_com.homon.tracker-scm:0
[ 1870420ms] [ERROR] Failed to load resource: net::ERR_CONNECTION_CLOSED @ https://gm.mmstat.com/aliyun_com.homon.tracker-scm:0
[ 1880420ms] [ERROR] Failed to load resource: net::ERR_CONNECTION_CLOSED @ https://gm.mmstat.com/aliyun_com.homon.tracker-scm:0
[ 1890419ms] [ERROR] Failed to load resource: net::ERR_CONNECTION_CLOSED @ https://gm.mmstat.com/aliyun_com.homon.tracker-scm:0
[ 1900419ms] [ERROR] Failed to load resource: net::ERR_CONNECTION_CLOSED @ https://gm.mmstat.com/aliyun_com.homon.tracker-scm:0
[ 1910421ms] [ERROR] Failed to load resource: net::ERR_CONNECTION_CLOSED @ https://gm.mmstat.com/aliyun_com.homon.tracker-scm:0
[ 1920420ms] [ERROR] Failed to load resource: net::ERR_CONNECTION_CLOSED @ https://gm.mmstat.com/aliyun_com.homon.tracker-scm:0
[ 1930421ms] [ERROR] Failed to load resource: net::ERR_CONNECTION_CLOSED @ https://gm.mmstat.com/aliyun_com.homon.tracker-scm:0
[ 1940421ms] [ERROR] Failed to load resource: net::ERR_CONNECTION_CLOSED @ https://gm.mmstat.com/aliyun_com.homon.tracker-scm:0
[ 1950421ms] [ERROR] Failed to load resource: net::ERR_CONNECTION_CLOSED @ https://gm.mmstat.com/aliyun_com.homon.tracker-scm:0
[ 1960420ms] [ERROR] Failed to load resource: net::ERR_CONNECTION_CLOSED @ https://gm.mmstat.com/aliyun_com.homon.tracker-scm:0
[ 1970421ms] [ERROR] Failed to load resource: net::ERR_CONNECTION_CLOSED @ https://gm.mmstat.com/aliyun_com.homon.tracker-scm:0
[ 1980419ms] [ERROR] Failed to load resource: net::ERR_CONNECTION_CLOSED @ https://gm.mmstat.com/aliyun_com.homon.tracker-scm:0
[ 1990420ms] [ERROR] Failed to load resource: net::ERR_CONNECTION_CLOSED @ https://gm.mmstat.com/aliyun_com.homon.tracker-scm:0
[ 2000420ms] [ERROR] Failed to load resource: net::ERR_CONNECTION_CLOSED @ https://gm.mmstat.com/aliyun_com.homon.tracker-scm:0
[ 2010419ms] [ERROR] Failed to load resource: net::ERR_CONNECTION_CLOSED @ https://gm.mmstat.com/aliyun_com.homon.tracker-scm:0
[ 2020420ms] [ERROR] Failed to load resource: net::ERR_CONNECTION_CLOSED @ https://gm.mmstat.com/aliyun_com.homon.tracker-scm:0
[ 2030419ms] [ERROR] Failed to load resource: net::ERR_CONNECTION_CLOSED @ https://gm.mmstat.com/aliyun_com.homon.tracker-scm:0
[ 2040419ms] [ERROR] Failed to load resource: net::ERR_CONNECTION_CLOSED @ https://gm.mmstat.com/aliyun_com.homon.tracker-scm:0
[ 2050419ms] [ERROR] Failed to load resource: net::ERR_CONNECTION_CLOSED @ https://gm.mmstat.com/aliyun_com.homon.tracker-scm:0
[ 2060421ms] [ERROR] Failed to load resource: net::ERR_CONNECTION_CLOSED @ https://gm.mmstat.com/aliyun_com.homon.tracker-scm:0
[ 2070420ms] [ERROR] Failed to load resource: net::ERR_CONNECTION_CLOSED @ https://gm.mmstat.com/aliyun_com.homon.tracker-scm:0
[ 2080420ms] [ERROR] Failed to load resource: net::ERR_CONNECTION_CLOSED @ https://gm.mmstat.com/aliyun_com.homon.tracker-scm:0
[ 2090420ms] [ERROR] Failed to load resource: net::ERR_CONNECTION_CLOSED @ https://gm.mmstat.com/aliyun_com.homon.tracker-scm:0
[ 2100420ms] [ERROR] Failed to load resource: net::ERR_CONNECTION_CLOSED @ https://gm.mmstat.com/aliyun_com.homon.tracker-scm:0
[ 2110421ms] [ERROR] Failed to load resource: net::ERR_CONNECTION_CLOSED @ https://gm.mmstat.com/aliyun_com.homon.tracker-scm:0
[ 2120419ms] [ERROR] Failed to load resource: net::ERR_CONNECTION_CLOSED @ https://gm.mmstat.com/aliyun_com.homon.tracker-scm:0
[ 2130421ms] [ERROR] Failed to load resource: net::ERR_CONNECTION_CLOSED @ https://gm.mmstat.com/aliyun_com.homon.tracker-scm:0
[ 2140419ms] [ERROR] Failed to load resource: net::ERR_CONNECTION_CLOSED @ https://gm.mmstat.com/aliyun_com.homon.tracker-scm:0
[ 2150419ms] [ERROR] Failed to load resource: net::ERR_CONNECTION_CLOSED @ https://gm.mmstat.com/aliyun_com.homon.tracker-scm:0
[ 2160419ms] [ERROR] Failed to load resource: net::ERR_CONNECTION_CLOSED @ https://gm.mmstat.com/aliyun_com.homon.tracker-scm:0
[ 2170420ms] [ERROR] Failed to load resource: net::ERR_CONNECTION_CLOSED @ https://gm.mmstat.com/aliyun_com.homon.tracker-scm:0
[ 2180419ms] [ERROR] Failed to load resource: net::ERR_CONNECTION_CLOSED @ https://gm.mmstat.com/aliyun_com.homon.tracker-scm:0
[ 2190421ms] [ERROR] Failed to load resource: net::ERR_CONNECTION_CLOSED @ https://gm.mmstat.com/aliyun_com.homon.tracker-scm:0
[ 2200420ms] [ERROR] Failed to load resource: net::ERR_CONNECTION_CLOSED @ https://gm.mmstat.com/aliyun_com.homon.tracker-scm:0
[ 2210419ms] [ERROR] Failed to load resource: net::ERR_CONNECTION_CLOSED @ https://gm.mmstat.com/aliyun_com.homon.tracker-scm:0
[ 2220420ms] [ERROR] Failed to load resource: net::ERR_CONNECTION_CLOSED @ https://gm.mmstat.com/aliyun_com.homon.tracker-scm:0
[ 2230421ms] [ERROR] Failed to load resource: net::ERR_CONNECTION_CLOSED @ https://gm.mmstat.com/aliyun_com.homon.tracker-scm:0
[ 2240422ms] [ERROR] Failed to load resource: net::ERR_CONNECTION_CLOSED @ https://gm.mmstat.com/aliyun_com.homon.tracker-scm:0
[ 2250421ms] [ERROR] Failed to load resource: net::ERR_CONNECTION_CLOSED @ https://gm.mmstat.com/aliyun_com.homon.tracker-scm:0
[ 2260422ms] [ERROR] Failed to load resource: net::ERR_CONNECTION_CLOSED @ https://gm.mmstat.com/aliyun_com.homon.tracker-scm:0
[ 2270420ms] [ERROR] Failed to load resource: net::ERR_CONNECTION_CLOSED @ https://gm.mmstat.com/aliyun_com.homon.tracker-scm:0
[ 2280420ms] [ERROR] Failed to load resource: net::ERR_CONNECTION_CLOSED @ https://gm.mmstat.com/aliyun_com.homon.tracker-scm:0
[ 2290421ms] [ERROR] Failed to load resource: net::ERR_CONNECTION_CLOSED @ https://gm.mmstat.com/aliyun_com.homon.tracker-scm:0
[ 2300419ms] [ERROR] Failed to load resource: net::ERR_CONNECTION_CLOSED @ https://gm.mmstat.com/aliyun_com.homon.tracker-scm:0
[ 2310419ms] [ERROR] Failed to load resource: net::ERR_CONNECTION_CLOSED @ https://gm.mmstat.com/aliyun_com.homon.tracker-scm:0
[ 2320419ms] [ERROR] Failed to load resource: net::ERR_CONNECTION_CLOSED @ https://gm.mmstat.com/aliyun_com.homon.tracker-scm:0
[ 2330418ms] [ERROR] Failed to load resource: net::ERR_CONNECTION_CLOSED @ https://gm.mmstat.com/aliyun_com.homon.tracker-scm:0
[ 2340422ms] [ERROR] Failed to load resource: net::ERR_CONNECTION_CLOSED @ https://gm.mmstat.com/aliyun_com.homon.tracker-scm:0
[ 2350420ms] [ERROR] Failed to load resource: net::ERR_CONNECTION_CLOSED @ https://gm.mmstat.com/aliyun_com.homon.tracker-scm:0
[ 2360419ms] [ERROR] Failed to load resource: net::ERR_CONNECTION_CLOSED @ https://gm.mmstat.com/aliyun_com.homon.tracker-scm:0
[ 2370421ms] [ERROR] Failed to load resource: net::ERR_CONNECTION_CLOSED @ https://gm.mmstat.com/aliyun_com.homon.tracker-scm:0
[ 2380420ms] [ERROR] Failed to load resource: net::ERR_CONNECTION_CLOSED @ https://gm.mmstat.com/aliyun_com.homon.tracker-scm:0
[ 2390420ms] [ERROR] Failed to load resource: net::ERR_CONNECTION_CLOSED @ https://gm.mmstat.com/aliyun_com.homon.tracker-scm:0
[ 2400420ms] [ERROR] Failed to load resource: net::ERR_CONNECTION_CLOSED @ https://gm.mmstat.com/aliyun_com.homon.tracker-scm:0
[ 2410419ms] [ERROR] Failed to load resource: net::ERR_CONNECTION_CLOSED @ https://gm.mmstat.com/aliyun_com.homon.tracker-scm:0
[ 2420420ms] [ERROR] Failed to load resource: net::ERR_CONNECTION_CLOSED @ https://gm.mmstat.com/aliyun_com.homon.tracker-scm:0
[ 2430420ms] [ERROR] Failed to load resource: net::ERR_CONNECTION_CLOSED @ https://gm.mmstat.com/aliyun_com.homon.tracker-scm:0
[ 2440422ms] [ERROR] Failed to load resource: net::ERR_CONNECTION_CLOSED @ https://gm.mmstat.com/aliyun_com.homon.tracker-scm:0
[ 2450419ms] [ERROR] Failed to load resource: net::ERR_CONNECTION_CLOSED @ https://gm.mmstat.com/aliyun_com.homon.tracker-scm:0
[ 2460420ms] [ERROR] Failed to load resource: net::ERR_CONNECTION_CLOSED @ https://gm.mmstat.com/aliyun_com.homon.tracker-scm:0
[ 2470418ms] [ERROR] Failed to load resource: net::ERR_CONNECTION_CLOSED @ https://gm.mmstat.com/aliyun_com.homon.tracker-scm:0
[ 2480422ms] [ERROR] Failed to load resource: net::ERR_CONNECTION_CLOSED @ https://gm.mmstat.com/aliyun_com.homon.tracker-scm:0
[ 2490419ms] [ERROR] Failed to load resource: net::ERR_CONNECTION_CLOSED @ https://gm.mmstat.com/aliyun_com.homon.tracker-scm:0
[ 2500422ms] [ERROR] Failed to load resource: net::ERR_CONNECTION_CLOSED @ https://gm.mmstat.com/aliyun_com.homon.tracker-scm:0
[ 2510419ms] [ERROR] Failed to load resource: net::ERR_CONNECTION_CLOSED @ https://gm.mmstat.com/aliyun_com.homon.tracker-scm:0
[ 2520420ms] [ERROR] Failed to load resource: net::ERR_CONNECTION_CLOSED @ https://gm.mmstat.com/aliyun_com.homon.tracker-scm:0
[ 2530419ms] [ERROR] Failed to load resource: net::ERR_CONNECTION_CLOSED @ https://gm.mmstat.com/aliyun_com.homon.tracker-scm:0
[ 2540420ms] [ERROR] Failed to load resource: net::ERR_CONNECTION_CLOSED @ https://gm.mmstat.com/aliyun_com.homon.tracker-scm:0
[ 2550421ms] [ERROR] Failed to load resource: net::ERR_CONNECTION_CLOSED @ https://gm.mmstat.com/aliyun_com.homon.tracker-scm:0
[ 2560418ms] [ERROR] Failed to load resource: net::ERR_CONNECTION_CLOSED @ https://gm.mmstat.com/aliyun_com.homon.tracker-scm:0
[ 2570422ms] [ERROR] Failed to load resource: net::ERR_CONNECTION_CLOSED @ https://gm.mmstat.com/aliyun_com.homon.tracker-scm:0
[ 2580420ms] [ERROR] Failed to load resource: net::ERR_CONNECTION_CLOSED @ https://gm.mmstat.com/aliyun_com.homon.tracker-scm:0
[ 2590421ms] [ERROR] Failed to load resource: net::ERR_CONNECTION_CLOSED @ https://gm.mmstat.com/aliyun_com.homon.tracker-scm:0
[ 2600421ms] [ERROR] Failed to load resource: net::ERR_CONNECTION_CLOSED @ https://gm.mmstat.com/aliyun_com.homon.tracker-scm:0
[ 2610420ms] [ERROR] Failed to load resource: net::ERR_CONNECTION_CLOSED @ https://gm.mmstat.com/aliyun_com.homon.tracker-scm:0
[ 2620420ms] [ERROR] Failed to load resource: net::ERR_CONNECTION_CLOSED @ https://gm.mmstat.com/aliyun_com.homon.tracker-scm:0
[ 2630421ms] [ERROR] Failed to load resource: net::ERR_CONNECTION_CLOSED @ https://gm.mmstat.com/aliyun_com.homon.tracker-scm:0
[ 2640419ms] [ERROR] Failed to load resource: net::ERR_CONNECTION_CLOSED @ https://gm.mmstat.com/aliyun_com.homon.tracker-scm:0
[ 2650421ms] [ERROR] Failed to load resource: net::ERR_CONNECTION_CLOSED @ https://gm.mmstat.com/aliyun_com.homon.tracker-scm:0
[ 2660420ms] [ERROR] Failed to load resource: net::ERR_CONNECTION_CLOSED @ https://gm.mmstat.com/aliyun_com.homon.tracker-scm:0
[ 2670419ms] [ERROR] Failed to load resource: net::ERR_CONNECTION_CLOSED @ https://gm.mmstat.com/aliyun_com.homon.tracker-scm:0
[ 2680421ms] [ERROR] Failed to load resource: net::ERR_CONNECTION_CLOSED @ https://gm.mmstat.com/aliyun_com.homon.tracker-scm:0
[ 2690422ms] [ERROR] Failed to load resource: net::ERR_CONNECTION_CLOSED @ https://gm.mmstat.com/aliyun_com.homon.tracker-scm:0
[ 2700418ms] [ERROR] Failed to load resource: net::ERR_CONNECTION_CLOSED @ https://gm.mmstat.com/aliyun_com.homon.tracker-scm:0
[ 2710420ms] [ERROR] Failed to load resource: net::ERR_CONNECTION_CLOSED @ https://gm.mmstat.com/aliyun_com.homon.tracker-scm:0
[ 2720420ms] [ERROR] Failed to load resource: net::ERR_CONNECTION_CLOSED @ https://gm.mmstat.com/aliyun_com.homon.tracker-scm:0
[ 2730420ms] [ERROR] Failed to load resource: net::ERR_CONNECTION_CLOSED @ https://gm.mmstat.com/aliyun_com.homon.tracker-scm:0
[ 2740420ms] [ERROR] Failed to load resource: net::ERR_CONNECTION_CLOSED @ https://gm.mmstat.com/aliyun_com.homon.tracker-scm:0
[ 2750419ms] [ERROR] Failed to load resource: net::ERR_CONNECTION_CLOSED @ https://gm.mmstat.com/aliyun_com.homon.tracker-scm:0
[ 2760420ms] [ERROR] Failed to load resource: net::ERR_CONNECTION_CLOSED @ https://gm.mmstat.com/aliyun_com.homon.tracker-scm:0
[ 2770420ms] [ERROR] Failed to load resource: net::ERR_CONNECTION_CLOSED @ https://gm.mmstat.com/aliyun_com.homon.tracker-scm:0
[ 2780420ms] [ERROR] Failed to load resource: net::ERR_CONNECTION_CLOSED @ https://gm.mmstat.com/aliyun_com.homon.tracker-scm:0
[ 2790420ms] [ERROR] Failed to load resource: net::ERR_CONNECTION_CLOSED @ https://gm.mmstat.com/aliyun_com.homon.tracker-scm:0
[ 2800419ms] [ERROR] Failed to load resource: net::ERR_CONNECTION_CLOSED @ https://gm.mmstat.com/aliyun_com.homon.tracker-scm:0
[ 2810420ms] [ERROR] Failed to load resource: net::ERR_CONNECTION_CLOSED @ https://gm.mmstat.com/aliyun_com.homon.tracker-scm:0
[ 2820419ms] [ERROR] Failed to load resource: net::ERR_CONNECTION_CLOSED @ https://gm.mmstat.com/aliyun_com.homon.tracker-scm:0
[ 2830421ms] [ERROR] Failed to load resource: net::ERR_CONNECTION_CLOSED @ https://gm.mmstat.com/aliyun_com.homon.tracker-scm:0
[ 2840420ms] [ERROR] Failed to load resource: net::ERR_CONNECTION_CLOSED @ https://gm.mmstat.com/aliyun_com.homon.tracker-scm:0
[ 2850420ms] [ERROR] Failed to load resource: net::ERR_CONNECTION_CLOSED @ https://gm.mmstat.com/aliyun_com.homon.tracker-scm:0
[ 2860420ms] [ERROR] Failed to load resource: net::ERR_CONNECTION_CLOSED @ https://gm.mmstat.com/aliyun_com.homon.tracker-scm:0
[ 2870422ms] [ERROR] Failed to load resource: net::ERR_CONNECTION_CLOSED @ https://gm.mmstat.com/aliyun_com.homon.tracker-scm:0
[ 2880419ms] [ERROR] Failed to load resource: net::ERR_CONNECTION_CLOSED @ https://gm.mmstat.com/aliyun_com.homon.tracker-scm:0
[ 2890420ms] [ERROR] Failed to load resource: net::ERR_CONNECTION_CLOSED @ https://gm.mmstat.com/aliyun_com.homon.tracker-scm:0
[ 2900420ms] [ERROR] Failed to load resource: net::ERR_CONNECTION_CLOSED @ https://gm.mmstat.com/aliyun_com.homon.tracker-scm:0
[ 2910419ms] [ERROR] Failed to load resource: net::ERR_CONNECTION_CLOSED @ https://gm.mmstat.com/aliyun_com.homon.tracker-scm:0
[ 2920420ms] [ERROR] Failed to load resource: net::ERR_CONNECTION_CLOSED @ https://gm.mmstat.com/aliyun_com.homon.tracker-scm:0
[ 2930419ms] [ERROR] Failed to load resource: net::ERR_CONNECTION_CLOSED @ https://gm.mmstat.com/aliyun_com.homon.tracker-scm:0
[ 2940419ms] [ERROR] Failed to load resource: net::ERR_CONNECTION_CLOSED @ https://gm.mmstat.com/aliyun_com.homon.tracker-scm:0
[ 2950421ms] [ERROR] Failed to load resource: net::ERR_CONNECTION_CLOSED @ https://gm.mmstat.com/aliyun_com.homon.tracker-scm:0
[ 2960421ms] [ERROR] Failed to load resource: net::ERR_CONNECTION_CLOSED @ https://gm.mmstat.com/aliyun_com.homon.tracker-scm:0
[ 2970421ms] [ERROR] Failed to load resource: net::ERR_CONNECTION_CLOSED @ https://gm.mmstat.com/aliyun_com.homon.tracker-scm:0
[ 2980420ms] [ERROR] Failed to load resource: net::ERR_CONNECTION_CLOSED @ https://gm.mmstat.com/aliyun_com.homon.tracker-scm:0
[ 2990420ms] [ERROR] Failed to load resource: net::ERR_CONNECTION_CLOSED @ https://gm.mmstat.com/aliyun_com.homon.tracker-scm:0
[ 3000422ms] [ERROR] Failed to load resource: net::ERR_CONNECTION_CLOSED @ https://gm.mmstat.com/aliyun_com.homon.tracker-scm:0
[ 3010420ms] [ERROR] Failed to load resource: net::ERR_CONNECTION_CLOSED @ https://gm.mmstat.com/aliyun_com.homon.tracker-scm:0
[ 3020420ms] [ERROR] Failed to load resource: net::ERR_CONNECTION_CLOSED @ https://gm.mmstat.com/aliyun_com.homon.tracker-scm:0
[ 3030421ms] [ERROR] Failed to load resource: net::ERR_CONNECTION_CLOSED @ https://gm.mmstat.com/aliyun_com.homon.tracker-scm:0
[ 3040419ms] [ERROR] Failed to load resource: net::ERR_CONNECTION_CLOSED @ https://gm.mmstat.com/aliyun_com.homon.tracker-scm:0
[ 3050419ms] [ERROR] Failed to load resource: net::ERR_CONNECTION_CLOSED @ https://gm.mmstat.com/aliyun_com.homon.tracker-scm:0
[ 3060420ms] [ERROR] Failed to load resource: net::ERR_CONNECTION_CLOSED @ https://gm.mmstat.com/aliyun_com.homon.tracker-scm:0
[ 3070420ms] [ERROR] Failed to load resource: net::ERR_CONNECTION_CLOSED @ https://gm.mmstat.com/aliyun_com.homon.tracker-scm:0
[ 3080420ms] [ERROR] Failed to load resource: net::ERR_CONNECTION_CLOSED @ https://gm.mmstat.com/aliyun_com.homon.tracker-scm:0
[ 3090421ms] [ERROR] Failed to load resource: net::ERR_CONNECTION_CLOSED @ https://gm.mmstat.com/aliyun_com.homon.tracker-scm:0
[ 3100419ms] [ERROR] Failed to load resource: net::ERR_CONNECTION_CLOSED @ https://gm.mmstat.com/aliyun_com.homon.tracker-scm:0
[ 3110420ms] [ERROR] Failed to load resource: net::ERR_CONNECTION_CLOSED @ https://gm.mmstat.com/aliyun_com.homon.tracker-scm:0
[ 3120419ms] [ERROR] Failed to load resource: net::ERR_CONNECTION_CLOSED @ https://gm.mmstat.com/aliyun_com.homon.tracker-scm:0
[ 3130420ms] [ERROR] Failed to load resource: net::ERR_CONNECTION_CLOSED @ https://gm.mmstat.com/aliyun_com.homon.tracker-scm:0
[ 3140419ms] [ERROR] Failed to load resource: net::ERR_CONNECTION_CLOSED @ https://gm.mmstat.com/aliyun_com.homon.tracker-scm:0
[ 3150421ms] [ERROR] Failed to load resource: net::ERR_CONNECTION_CLOSED @ https://gm.mmstat.com/aliyun_com.homon.tracker-scm:0
[ 3160421ms] [ERROR] Failed to load resource: net::ERR_CONNECTION_CLOSED @ https://gm.mmstat.com/aliyun_com.homon.tracker-scm:0
[ 3170421ms] [ERROR] Failed to load resource: net::ERR_CONNECTION_CLOSED @ https://gm.mmstat.com/aliyun_com.homon.tracker-scm:0
[ 3180420ms] [ERROR] Failed to load resource: net::ERR_CONNECTION_CLOSED @ https://gm.mmstat.com/aliyun_com.homon.tracker-scm:0
[ 3190421ms] [ERROR] Failed to load resource: net::ERR_CONNECTION_CLOSED @ https://gm.mmstat.com/aliyun_com.homon.tracker-scm:0
[ 3200419ms] [ERROR] Failed to load resource: net::ERR_CONNECTION_CLOSED @ https://gm.mmstat.com/aliyun_com.homon.tracker-scm:0
[ 3210421ms] [ERROR] Failed to load resource: net::ERR_CONNECTION_CLOSED @ https://gm.mmstat.com/aliyun_com.homon.tracker-scm:0
[ 3220420ms] [ERROR] Failed to load resource: net::ERR_CONNECTION_CLOSED @ https://gm.mmstat.com/aliyun_com.homon.tracker-scm:0
[ 3230420ms] [ERROR] Failed to load resource: net::ERR_CONNECTION_CLOSED @ https://gm.mmstat.com/aliyun_com.homon.tracker-scm:0
[ 3240420ms] [ERROR] Failed to load resource: net::ERR_CONNECTION_CLOSED @ https://gm.mmstat.com/aliyun_com.homon.tracker-scm:0
[ 3250419ms] [ERROR] Failed to load resource: net::ERR_CONNECTION_CLOSED @ https://gm.mmstat.com/aliyun_com.homon.tracker-scm:0
