[     603ms] [LOG] %c [APLUS] -- APLUS INIT SUCCESS background:#3B82FE; padding: 4px; padding-right: 8px; border-radius: 4px; color: #fff; @ :1
[     606ms] [ERROR] Failed to load resource: net::ERR_CONNECTION_CLOSED @ https://log.mmstat.com/eg.js:0
[     633ms] [ERROR] Failed to load resource: net::ERR_CONNECTION_CLOSED @ https://gm.mmstat.com/aliyun_com.homon.homon-module:0
[     987ms] [WARNING] The provided value '*/*' is not a valid enum value of type XMLHttpRequestResponseType. @ https://g.alicdn.com/aliyun-help/help-portal-fe/0.12.40/js/vendor.js:7
[    1001ms] [ERROR] Failed to load resource: net::ERR_CONNECTION_CLOSED @ https://gm.mmstat.com/aes.1.1:0
[    1001ms] [ERROR] Failed to load resource: net::ERR_CONNECTION_CLOSED @ https://log.mmstat.com/v.gif:0
[    1005ms] [LOG] Deprecated as of 10.7.0. highlightBlock will be removed entirely in v12.0 @ https://g.alicdn.com/aliyun-help/help-portal-fe/0.12.40/js/vendor.js:19
[    1005ms] [LOG] Deprecated as of 10.7.0. Please use highlightElement now. @ https://g.alicdn.com/aliyun-help/help-portal-fe/0.12.40/js/vendor.js:19
[    1029ms] [WARNING] One of your code blocks includes unescaped HTML. This is a potentially serious security risk. @ https://g.alicdn.com/aliyun-help/help-portal-fe/0.12.40/js/vendor.js:19
[    1029ms] [WARNING] https://github.com/highlightjs/highlight.js/wiki/security @ https://g.alicdn.com/aliyun-help/help-portal-fe/0.12.40/js/vendor.js:19
[    1029ms] [WARNING] The element with unescaped HTML: @ https://g.alicdn.com/aliyun-help/help-portal-fe/0.12.40/js/vendor.js:19
[    1029ms] [WARNING] JSHandle@node @ https://g.alicdn.com/aliyun-help/help-portal-fe/0.12.40/js/vendor.js:19
[    1030ms] [WARNING] One of your code blocks includes unescaped HTML. This is a potentially serious security risk. @ https://g.alicdn.com/aliyun-help/help-portal-fe/0.12.40/js/vendor.js:19
[    1031ms] [WARNING] https://github.com/highlightjs/highlight.js/wiki/security @ https://g.alicdn.com/aliyun-help/help-portal-fe/0.12.40/js/vendor.js:19
[    1031ms] [WARNING] The element with unescaped HTML: @ https://g.alicdn.com/aliyun-help/help-portal-fe/0.12.40/js/vendor.js:19
[    1031ms] [WARNING] JSHandle@node @ https://g.alicdn.com/aliyun-help/help-portal-fe/0.12.40/js/vendor.js:19
[    1039ms] [WARNING] One of your code blocks includes unescaped HTML. This is a potentially serious security risk. @ https://g.alicdn.com/aliyun-help/help-portal-fe/0.12.40/js/vendor.js:19
[    1039ms] [WARNING] https://github.com/highlightjs/highlight.js/wiki/security @ https://g.alicdn.com/aliyun-help/help-portal-fe/0.12.40/js/vendor.js:19
[    1039ms] [WARNING] The element with unescaped HTML: @ https://g.alicdn.com/aliyun-help/help-portal-fe/0.12.40/js/vendor.js:19
[    1039ms] [WARNING] JSHandle@node @ https://g.alicdn.com/aliyun-help/help-portal-fe/0.12.40/js/vendor.js:19
[    1041ms] [WARNING] One of your code blocks includes unescaped HTML. This is a potentially serious security risk. @ https://g.alicdn.com/aliyun-help/help-portal-fe/0.12.40/js/vendor.js:19
[    1041ms] [WARNING] https://github.com/highlightjs/highlight.js/wiki/security @ https://g.alicdn.com/aliyun-help/help-portal-fe/0.12.40/js/vendor.js:19
[    1041ms] [WARNING] The element with unescaped HTML: @ https://g.alicdn.com/aliyun-help/help-portal-fe/0.12.40/js/vendor.js:19
[    1041ms] [WARNING] JSHandle@node @ https://g.alicdn.com/aliyun-help/help-portal-fe/0.12.40/js/vendor.js:19
[    1041ms] [WARNING] One of your code blocks includes unescaped HTML. This is a potentially serious security risk. @ https://g.alicdn.com/aliyun-help/help-portal-fe/0.12.40/js/vendor.js:19
[    1042ms] [WARNING] https://github.com/highlightjs/highlight.js/wiki/security @ https://g.alicdn.com/aliyun-help/help-portal-fe/0.12.40/js/vendor.js:19
[    1042ms] [WARNING] The element with unescaped HTML: @ https://g.alicdn.com/aliyun-help/help-portal-fe/0.12.40/js/vendor.js:19
[    1042ms] [WARNING] JSHandle@node @ https://g.alicdn.com/aliyun-help/help-portal-fe/0.12.40/js/vendor.js:19
[    1087ms] [ERROR] Failed to load resource: net::ERR_CONNECTION_CLOSED @ https://gm.mmstat.com/aes.1.1:0
[    1132ms] [ERROR] Failed to load resource: net::ERR_CONNECTION_CLOSED @ https://gm.mmstat.com/aes.1.1:0
[    1293ms] [ERROR] Failed to load resource: net::ERR_CONNECTION_CLOSED @ https://gm.mmstat.com/aes.1.1:0
[    1348ms] [ERROR] Failed to load resource: net::ERR_CONNECTION_CLOSED @ https://gm.mmstat.com/aes.1.1:0
[    1350ms] [ERROR] Failed to load resource: net::ERR_CONNECTION_CLOSED @ https://gm.mmstat.com/aes.1.1:0
[    1440ms] [LOG] Sat May 09 2026 14:08:21 GMT+0800 (中国标准时间) @ https://g.alicdn.com/AWSC/et/1.83.41/et_f.js:1
[    1453ms] [ERROR] Failed to load resource: net::ERR_CONNECTION_CLOSED @ https://gm.mmstat.com/aes.1.1:0
[    1454ms] [ERROR] Failed to load resource: net::ERR_CONNECTION_CLOSED @ https://gm.mmstat.com/aes.1.1:0
[    1652ms] [ERROR] Failed to load resource: net::ERR_CONNECTION_CLOSED @ https://gm.mmstat.com/aliyun_com.homon.homon-module:0
[    1714ms] [ERROR] Failed to load resource: net::ERR_CONNECTION_CLOSED @ https://gm.mmstat.com/aes.1.1:0
[    1786ms] [ERROR] Failed to load resource: net::ERR_CONNECTION_CLOSED @ https://gm.mmstat.com/aes.1.1:0
[    1939ms] [ERROR] Failed to load resource: net::ERR_CONNECTION_CLOSED @ https://gm.mmstat.com/aes.1.1:0
[    1941ms] [ERROR] Failed to load resource: net::ERR_CONNECTION_CLOSED @ https://gm.mmstat.com/aes.1.1:0
[    2134ms] [ERROR] Failed to load resource: net::ERR_CONNECTION_CLOSED @ https://gm.mmstat.com/aes.1.1:0
[    2235ms] [ERROR] Failed to load resource: net::ERR_CONNECTION_CLOSED @ https://gm.mmstat.com/aes.1.1:0
[    2348ms] [ERROR] Failed to load resource: net::ERR_CONNECTION_CLOSED @ https://gm.mmstat.com/aes.1.1:0
[    3625ms] [ERROR] Failed to load resource: net::ERR_CONNECTION_CLOSED @ https://gm.mmstat.com/aliyun_com.homon.tracker-event:0
[    5009ms] [ERROR] Failed to load resource: net::ERR_CONNECTION_CLOSED @ https://gm.mmstat.com/aliyun_com.homon.tracker-scm:0
[   10770ms] [ERROR] Failed to load resource: net::ERR_CONNECTION_CLOSED @ https://gm.mmstat.com/aliyun_com.homon.tracker-scm:0
[   11559ms] [ERROR] Failed to load resource: net::ERR_CONNECTION_CLOSED @ https://gm.mmstat.com/aes.1.1:0
[   12357ms] [ERROR] Failed to load resource: net::ERR_CONNECTION_CLOSED @ https://gm.mmstat.com/aes.1.1:0
[   16104ms] [ERROR] Failed to load resource: net::ERR_CONNECTION_CLOSED @ https://gm.mmstat.com/aes.1.1:0
[   20772ms] [ERROR] Failed to load resource: net::ERR_CONNECTION_CLOSED @ https://gm.mmstat.com/aliyun_com.homon.tracker-scm:0
