[     689ms] [LOG] %c [APLUS] -- APLUS INIT SUCCESS background:#3B82FE; padding: 4px; padding-right: 8px; border-radius: 4px; color: #fff; @ :1
[     696ms] [ERROR] Failed to load resource: net::ERR_CONNECTION_CLOSED @ https://log.mmstat.com/eg.js:0
[     813ms] [ERROR] Failed to load resource: net::ERR_CONNECTION_CLOSED @ https://gm.mmstat.com/aliyun_com.homon.homon-module:0
[    1132ms] [WARNING] The provided value '*/*' is not a valid enum value of type XMLHttpRequestResponseType. @ https://g.alicdn.com/aliyun-help/help-portal-fe/0.12.40/js/vendor.js:7
[    1157ms] [ERROR] Failed to load resource: net::ERR_CONNECTION_CLOSED @ https://gm.mmstat.com/aes.1.1:0
[    1157ms] [ERROR] Failed to load resource: net::ERR_CONNECTION_CLOSED @ https://log.mmstat.com/v.gif:0
[    1160ms] [LOG] Deprecated as of 10.7.0. highlightBlock will be removed entirely in v12.0 @ https://g.alicdn.com/aliyun-help/help-portal-fe/0.12.40/js/vendor.js:19
[    1161ms] [LOG] Deprecated as of 10.7.0. Please use highlightElement now. @ https://g.alicdn.com/aliyun-help/help-portal-fe/0.12.40/js/vendor.js:19
[    1181ms] [WARNING] One of your code blocks includes unescaped HTML. This is a potentially serious security risk. @ https://g.alicdn.com/aliyun-help/help-portal-fe/0.12.40/js/vendor.js:19
[    1181ms] [WARNING] https://github.com/highlightjs/highlight.js/wiki/security @ https://g.alicdn.com/aliyun-help/help-portal-fe/0.12.40/js/vendor.js:19
[    1181ms] [WARNING] The element with unescaped HTML: @ https://g.alicdn.com/aliyun-help/help-portal-fe/0.12.40/js/vendor.js:19
[    1181ms] [WARNING] JSHandle@node @ https://g.alicdn.com/aliyun-help/help-portal-fe/0.12.40/js/vendor.js:19
[    1182ms] [WARNING] One of your code blocks includes unescaped HTML. This is a potentially serious security risk. @ https://g.alicdn.com/aliyun-help/help-portal-fe/0.12.40/js/vendor.js:19
[    1182ms] [WARNING] https://github.com/highlightjs/highlight.js/wiki/security @ https://g.alicdn.com/aliyun-help/help-portal-fe/0.12.40/js/vendor.js:19
[    1182ms] [WARNING] The element with unescaped HTML: @ https://g.alicdn.com/aliyun-help/help-portal-fe/0.12.40/js/vendor.js:19
[    1182ms] [WARNING] JSHandle@node @ https://g.alicdn.com/aliyun-help/help-portal-fe/0.12.40/js/vendor.js:19
[    1190ms] [WARNING] One of your code blocks includes unescaped HTML. This is a potentially serious security risk. @ https://g.alicdn.com/aliyun-help/help-portal-fe/0.12.40/js/vendor.js:19
[    1190ms] [WARNING] https://github.com/highlightjs/highlight.js/wiki/security @ https://g.alicdn.com/aliyun-help/help-portal-fe/0.12.40/js/vendor.js:19
[    1190ms] [WARNING] The element with unescaped HTML: @ https://g.alicdn.com/aliyun-help/help-portal-fe/0.12.40/js/vendor.js:19
[    1190ms] [WARNING] JSHandle@node @ https://g.alicdn.com/aliyun-help/help-portal-fe/0.12.40/js/vendor.js:19
[    1191ms] [WARNING] One of your code blocks includes unescaped HTML. This is a potentially serious security risk. @ https://g.alicdn.com/aliyun-help/help-portal-fe/0.12.40/js/vendor.js:19
[    1191ms] [WARNING] https://github.com/highlightjs/highlight.js/wiki/security @ https://g.alicdn.com/aliyun-help/help-portal-fe/0.12.40/js/vendor.js:19
[    1191ms] [WARNING] The element with unescaped HTML: @ https://g.alicdn.com/aliyun-help/help-portal-fe/0.12.40/js/vendor.js:19
[    1191ms] [WARNING] JSHandle@node @ https://g.alicdn.com/aliyun-help/help-portal-fe/0.12.40/js/vendor.js:19
[    1192ms] [WARNING] One of your code blocks includes unescaped HTML. This is a potentially serious security risk. @ https://g.alicdn.com/aliyun-help/help-portal-fe/0.12.40/js/vendor.js:19
[    1192ms] [WARNING] https://github.com/highlightjs/highlight.js/wiki/security @ https://g.alicdn.com/aliyun-help/help-portal-fe/0.12.40/js/vendor.js:19
[    1192ms] [WARNING] The element with unescaped HTML: @ https://g.alicdn.com/aliyun-help/help-portal-fe/0.12.40/js/vendor.js:19
[    1192ms] [WARNING] JSHandle@node @ https://g.alicdn.com/aliyun-help/help-portal-fe/0.12.40/js/vendor.js:19
[    1234ms] [ERROR] Failed to load resource: net::ERR_CONNECTION_CLOSED @ https://gm.mmstat.com/aes.1.1:0
[    1356ms] [ERROR] Failed to load resource: net::ERR_CONNECTION_CLOSED @ https://gm.mmstat.com/aes.1.1:0
[    1359ms] [ERROR] Failed to load resource: net::ERR_CONNECTION_CLOSED @ https://gm.mmstat.com/aes.1.1:0
[    1545ms] [ERROR] Failed to load resource: net::ERR_CONNECTION_CLOSED @ https://gm.mmstat.com/aliyun_com.homon.homon-module:0
[    2010ms] [ERROR] Failed to load resource: net::ERR_CONNECTION_CLOSED @ https://gm.mmstat.com/aliyun_com.homon.tracker-scm:0
[    2037ms] [ERROR] Failed to load resource: net::ERR_CONNECTION_CLOSED @ https://gm.mmstat.com/aes.1.1:0
[    2088ms] [LOG] Thu May 07 2026 15:23:11 GMT+0800 (中国标准时间) @ https://g.alicdn.com/AWSC/et/1.83.41/et_f.js:1
[    2092ms] [ERROR] Failed to load resource: net::ERR_CONNECTION_CLOSED @ https://gm.mmstat.com/aes.1.1:0
[    2092ms] [ERROR] Failed to load resource: net::ERR_CONNECTION_CLOSED @ https://gm.mmstat.com/aes.1.1:0
[    2109ms] [ERROR] Failed to load resource: net::ERR_CONNECTION_CLOSED @ https://gm.mmstat.com/aes.1.1:0
[    2202ms] [ERROR] Failed to load resource: net::ERR_CONNECTION_CLOSED @ https://gm.mmstat.com/aes.1.1:0
[    2451ms] [ERROR] Failed to load resource: net::ERR_CONNECTION_CLOSED @ https://gm.mmstat.com/aes.1.1:0
[    3791ms] [ERROR] Failed to load resource: net::ERR_CONNECTION_CLOSED @ https://gm.mmstat.com/aliyun_com.homon.tracker-event:0
[   10898ms] [ERROR] Failed to load resource: net::ERR_CONNECTION_CLOSED @ https://gm.mmstat.com/aliyun_com.homon.tracker-scm:0
[   11787ms] [ERROR] Failed to load resource: net::ERR_CONNECTION_CLOSED @ https://gm.mmstat.com/aes.1.1:0
[   12332ms] [ERROR] Failed to load resource: net::ERR_CONNECTION_CLOSED @ https://gm.mmstat.com/aes.1.1:0
[   16464ms] [ERROR] Failed to load resource: net::ERR_CONNECTION_CLOSED @ https://gm.mmstat.com/aes.1.1:0
[   20898ms] [ERROR] Failed to load resource: net::ERR_CONNECTION_CLOSED @ https://gm.mmstat.com/aliyun_com.homon.tracker-scm:0
[   30788ms] [ERROR] Failed to load resource: net::ERR_CONNECTION_CLOSED @ https://gm.mmstat.com/aliyun_com.homon.tracker-event:0
[   30905ms] [ERROR] Failed to load resource: net::ERR_CONNECTION_CLOSED @ https://gm.mmstat.com/aliyun_com.homon.tracker-scm:0
[   40907ms] [ERROR] Failed to load resource: net::ERR_CONNECTION_CLOSED @ https://gm.mmstat.com/aliyun_com.homon.tracker-scm:0
[   50915ms] [ERROR] Failed to load resource: net::ERR_CONNECTION_CLOSED @ https://gm.mmstat.com/aliyun_com.homon.tracker-scm:0
[   60906ms] [ERROR] Failed to load resource: net::ERR_CONNECTION_CLOSED @ https://gm.mmstat.com/aliyun_com.homon.tracker-scm:0
[   70910ms] [ERROR] Failed to load resource: net::ERR_CONNECTION_CLOSED @ https://gm.mmstat.com/aliyun_com.homon.tracker-scm:0
[   80916ms] [ERROR] Failed to load resource: net::ERR_CONNECTION_CLOSED @ https://gm.mmstat.com/aliyun_com.homon.tracker-scm:0
[   90911ms] [ERROR] Failed to load resource: net::ERR_CONNECTION_CLOSED @ https://gm.mmstat.com/aliyun_com.homon.tracker-scm:0
[  100906ms] [ERROR] Failed to load resource: net::ERR_CONNECTION_CLOSED @ https://gm.mmstat.com/aliyun_com.homon.tracker-scm:0
[  110902ms] [ERROR] Failed to load resource: net::ERR_CONNECTION_CLOSED @ https://gm.mmstat.com/aliyun_com.homon.tracker-scm:0
[  120906ms] [ERROR] Failed to load resource: net::ERR_CONNECTION_CLOSED @ https://gm.mmstat.com/aliyun_com.homon.tracker-scm:0
[  130908ms] [ERROR] Failed to load resource: net::ERR_CONNECTION_CLOSED @ https://gm.mmstat.com/aliyun_com.homon.tracker-scm:0
[  140904ms] [ERROR] Failed to load resource: net::ERR_CONNECTION_CLOSED @ https://gm.mmstat.com/aliyun_com.homon.tracker-scm:0
[  150909ms] [ERROR] Failed to load resource: net::ERR_CONNECTION_CLOSED @ https://gm.mmstat.com/aliyun_com.homon.tracker-scm:0
[  160909ms] [ERROR] Failed to load resource: net::ERR_CONNECTION_CLOSED @ https://gm.mmstat.com/aliyun_com.homon.tracker-scm:0
[  170916ms] [ERROR] Failed to load resource: net::ERR_CONNECTION_CLOSED @ https://gm.mmstat.com/aliyun_com.homon.tracker-scm:0
[  180915ms] [ERROR] Failed to load resource: net::ERR_CONNECTION_CLOSED @ https://gm.mmstat.com/aliyun_com.homon.tracker-scm:0
[  190906ms] [ERROR] Failed to load resource: net::ERR_CONNECTION_CLOSED @ https://gm.mmstat.com/aliyun_com.homon.tracker-scm:0
[  200904ms] [ERROR] Failed to load resource: net::ERR_CONNECTION_CLOSED @ https://gm.mmstat.com/aliyun_com.homon.tracker-scm:0
[  210904ms] [ERROR] Failed to load resource: net::ERR_CONNECTION_CLOSED @ https://gm.mmstat.com/aliyun_com.homon.tracker-scm:0
[  220903ms] [ERROR] Failed to load resource: net::ERR_CONNECTION_CLOSED @ https://gm.mmstat.com/aliyun_com.homon.tracker-scm:0
[  230901ms] [ERROR] Failed to load resource: net::ERR_CONNECTION_CLOSED @ https://gm.mmstat.com/aliyun_com.homon.tracker-scm:0
[  240912ms] [ERROR] Failed to load resource: net::ERR_CONNECTION_CLOSED @ https://gm.mmstat.com/aliyun_com.homon.tracker-scm:0
[  250916ms] [ERROR] Failed to load resource: net::ERR_CONNECTION_CLOSED @ https://gm.mmstat.com/aliyun_com.homon.tracker-scm:0
[  260908ms] [ERROR] Failed to load resource: net::ERR_CONNECTION_CLOSED @ https://gm.mmstat.com/aliyun_com.homon.tracker-scm:0
[  270908ms] [ERROR] Failed to load resource: net::ERR_CONNECTION_CLOSED @ https://gm.mmstat.com/aliyun_com.homon.tracker-scm:0
[  280911ms] [ERROR] Failed to load resource: net::ERR_CONNECTION_CLOSED @ https://gm.mmstat.com/aliyun_com.homon.tracker-scm:0
[  290908ms] [ERROR] Failed to load resource: net::ERR_CONNECTION_CLOSED @ https://gm.mmstat.com/aliyun_com.homon.tracker-scm:0
[  300905ms] [ERROR] Failed to load resource: net::ERR_CONNECTION_CLOSED @ https://gm.mmstat.com/aliyun_com.homon.tracker-scm:0
[  310914ms] [ERROR] Failed to load resource: net::ERR_CONNECTION_CLOSED @ https://gm.mmstat.com/aliyun_com.homon.tracker-scm:0
[  320916ms] [ERROR] Failed to load resource: net::ERR_CONNECTION_CLOSED @ https://gm.mmstat.com/aliyun_com.homon.tracker-scm:0
[  330903ms] [ERROR] Failed to load resource: net::ERR_CONNECTION_CLOSED @ https://gm.mmstat.com/aliyun_com.homon.tracker-scm:0
[  340910ms] [ERROR] Failed to load resource: net::ERR_CONNECTION_CLOSED @ https://gm.mmstat.com/aliyun_com.homon.tracker-scm:0
[  350910ms] [ERROR] Failed to load resource: net::ERR_CONNECTION_CLOSED @ https://gm.mmstat.com/aliyun_com.homon.tracker-scm:0
[  360911ms] [ERROR] Failed to load resource: net::ERR_CONNECTION_CLOSED @ https://gm.mmstat.com/aliyun_com.homon.tracker-scm:0
[  370911ms] [ERROR] Failed to load resource: net::ERR_CONNECTION_CLOSED @ https://gm.mmstat.com/aliyun_com.homon.tracker-scm:0
[  380911ms] [ERROR] Failed to load resource: net::ERR_CONNECTION_CLOSED @ https://gm.mmstat.com/aliyun_com.homon.tracker-scm:0
[  390911ms] [ERROR] Failed to load resource: net::ERR_CONNECTION_CLOSED @ https://gm.mmstat.com/aliyun_com.homon.tracker-scm:0
[  400902ms] [ERROR] Failed to load resource: net::ERR_CONNECTION_CLOSED @ https://gm.mmstat.com/aliyun_com.homon.tracker-scm:0
[  410919ms] [ERROR] Failed to load resource: net::ERR_CONNECTION_CLOSED @ https://gm.mmstat.com/aliyun_com.homon.tracker-scm:0
[  420902ms] [ERROR] Failed to load resource: net::ERR_CONNECTION_CLOSED @ https://gm.mmstat.com/aliyun_com.homon.tracker-scm:0
[  430909ms] [ERROR] Failed to load resource: net::ERR_CONNECTION_CLOSED @ https://gm.mmstat.com/aliyun_com.homon.tracker-scm:0
[  440907ms] [ERROR] Failed to load resource: net::ERR_CONNECTION_CLOSED @ https://gm.mmstat.com/aliyun_com.homon.tracker-scm:0
[  450907ms] [ERROR] Failed to load resource: net::ERR_CONNECTION_CLOSED @ https://gm.mmstat.com/aliyun_com.homon.tracker-scm:0
[  460912ms] [ERROR] Failed to load resource: net::ERR_CONNECTION_CLOSED @ https://gm.mmstat.com/aliyun_com.homon.tracker-scm:0
[  470905ms] [ERROR] Failed to load resource: net::ERR_CONNECTION_CLOSED @ https://gm.mmstat.com/aliyun_com.homon.tracker-scm:0
[  480903ms] [ERROR] Failed to load resource: net::ERR_CONNECTION_CLOSED @ https://gm.mmstat.com/aliyun_com.homon.tracker-scm:0
[  490916ms] [ERROR] Failed to load resource: net::ERR_CONNECTION_CLOSED @ https://gm.mmstat.com/aliyun_com.homon.tracker-scm:0
[  500915ms] [ERROR] Failed to load resource: net::ERR_CONNECTION_CLOSED @ https://gm.mmstat.com/aliyun_com.homon.tracker-scm:0
[  510908ms] [ERROR] Failed to load resource: net::ERR_CONNECTION_CLOSED @ https://gm.mmstat.com/aliyun_com.homon.tracker-scm:0
[  520905ms] [ERROR] Failed to load resource: net::ERR_CONNECTION_CLOSED @ https://gm.mmstat.com/aliyun_com.homon.tracker-scm:0
[  530903ms] [ERROR] Failed to load resource: net::ERR_CONNECTION_CLOSED @ https://gm.mmstat.com/aliyun_com.homon.tracker-scm:0
[  540911ms] [ERROR] Failed to load resource: net::ERR_CONNECTION_CLOSED @ https://gm.mmstat.com/aliyun_com.homon.tracker-scm:0
[  550905ms] [ERROR] Failed to load resource: net::ERR_CONNECTION_CLOSED @ https://gm.mmstat.com/aliyun_com.homon.tracker-scm:0
[  560916ms] [ERROR] Failed to load resource: net::ERR_CONNECTION_CLOSED @ https://gm.mmstat.com/aliyun_com.homon.tracker-scm:0
[  570913ms] [ERROR] Failed to load resource: net::ERR_CONNECTION_CLOSED @ https://gm.mmstat.com/aliyun_com.homon.tracker-scm:0
[  580908ms] [ERROR] Failed to load resource: net::ERR_CONNECTION_CLOSED @ https://gm.mmstat.com/aliyun_com.homon.tracker-scm:0
[  590909ms] [ERROR] Failed to load resource: net::ERR_CONNECTION_CLOSED @ https://gm.mmstat.com/aliyun_com.homon.tracker-scm:0
[  600902ms] [ERROR] Failed to load resource: net::ERR_CONNECTION_CLOSED @ https://gm.mmstat.com/aliyun_com.homon.tracker-scm:0
[  610902ms] [ERROR] Failed to load resource: net::ERR_CONNECTION_CLOSED @ https://gm.mmstat.com/aliyun_com.homon.tracker-scm:0
[  620902ms] [ERROR] Failed to load resource: net::ERR_CONNECTION_CLOSED @ https://gm.mmstat.com/aliyun_com.homon.tracker-scm:0
[  630904ms] [ERROR] Failed to load resource: net::ERR_CONNECTION_CLOSED @ https://gm.mmstat.com/aliyun_com.homon.tracker-scm:0
[  640904ms] [ERROR] Failed to load resource: net::ERR_CONNECTION_CLOSED @ https://gm.mmstat.com/aliyun_com.homon.tracker-scm:0
[  650912ms] [ERROR] Failed to load resource: net::ERR_CONNECTION_CLOSED @ https://gm.mmstat.com/aliyun_com.homon.tracker-scm:0
[  660914ms] [ERROR] Failed to load resource: net::ERR_CONNECTION_CLOSED @ https://gm.mmstat.com/aliyun_com.homon.tracker-scm:0
[  670904ms] [ERROR] Failed to load resource: net::ERR_CONNECTION_CLOSED @ https://gm.mmstat.com/aliyun_com.homon.tracker-scm:0
[  680917ms] [ERROR] Failed to load resource: net::ERR_CONNECTION_CLOSED @ https://gm.mmstat.com/aliyun_com.homon.tracker-scm:0
[  690915ms] [ERROR] Failed to load resource: net::ERR_CONNECTION_CLOSED @ https://gm.mmstat.com/aliyun_com.homon.tracker-scm:0
[  700904ms] [ERROR] Failed to load resource: net::ERR_CONNECTION_CLOSED @ https://gm.mmstat.com/aliyun_com.homon.tracker-scm:0
[  710903ms] [ERROR] Failed to load resource: net::ERR_CONNECTION_CLOSED @ https://gm.mmstat.com/aliyun_com.homon.tracker-scm:0
[  720911ms] [ERROR] Failed to load resource: net::ERR_CONNECTION_CLOSED @ https://gm.mmstat.com/aliyun_com.homon.tracker-scm:0
[  730910ms] [ERROR] Failed to load resource: net::ERR_CONNECTION_CLOSED @ https://gm.mmstat.com/aliyun_com.homon.tracker-scm:0
[  740912ms] [ERROR] Failed to load resource: net::ERR_CONNECTION_CLOSED @ https://gm.mmstat.com/aliyun_com.homon.tracker-scm:0
[  750902ms] [ERROR] Failed to load resource: net::ERR_CONNECTION_CLOSED @ https://gm.mmstat.com/aliyun_com.homon.tracker-scm:0
[  760907ms] [ERROR] Failed to load resource: net::ERR_CONNECTION_CLOSED @ https://gm.mmstat.com/aliyun_com.homon.tracker-scm:0
[  770912ms] [ERROR] Failed to load resource: net::ERR_CONNECTION_CLOSED @ https://gm.mmstat.com/aliyun_com.homon.tracker-scm:0
[  780915ms] [ERROR] Failed to load resource: net::ERR_CONNECTION_CLOSED @ https://gm.mmstat.com/aliyun_com.homon.tracker-scm:0
[  790916ms] [ERROR] Failed to load resource: net::ERR_CONNECTION_CLOSED @ https://gm.mmstat.com/aliyun_com.homon.tracker-scm:0
[  800916ms] [ERROR] Failed to load resource: net::ERR_CONNECTION_CLOSED @ https://gm.mmstat.com/aliyun_com.homon.tracker-scm:0
[  810911ms] [ERROR] Failed to load resource: net::ERR_CONNECTION_CLOSED @ https://gm.mmstat.com/aliyun_com.homon.tracker-scm:0
[  820903ms] [ERROR] Failed to load resource: net::ERR_CONNECTION_CLOSED @ https://gm.mmstat.com/aliyun_com.homon.tracker-scm:0
[  830909ms] [ERROR] Failed to load resource: net::ERR_CONNECTION_CLOSED @ https://gm.mmstat.com/aliyun_com.homon.tracker-scm:0
[  840903ms] [ERROR] Failed to load resource: net::ERR_CONNECTION_CLOSED @ https://gm.mmstat.com/aliyun_com.homon.tracker-scm:0
[  850908ms] [ERROR] Failed to load resource: net::ERR_CONNECTION_CLOSED @ https://gm.mmstat.com/aliyun_com.homon.tracker-scm:0
[  860910ms] [ERROR] Failed to load resource: net::ERR_CONNECTION_CLOSED @ https://gm.mmstat.com/aliyun_com.homon.tracker-scm:0
[  870903ms] [ERROR] Failed to load resource: net::ERR_CONNECTION_CLOSED @ https://gm.mmstat.com/aliyun_com.homon.tracker-scm:0
[  880917ms] [ERROR] Failed to load resource: net::ERR_CONNECTION_CLOSED @ https://gm.mmstat.com/aliyun_com.homon.tracker-scm:0
[  890908ms] [ERROR] Failed to load resource: net::ERR_CONNECTION_CLOSED @ https://gm.mmstat.com/aliyun_com.homon.tracker-scm:0
[  900908ms] [ERROR] Failed to load resource: net::ERR_CONNECTION_CLOSED @ https://gm.mmstat.com/aliyun_com.homon.tracker-scm:0
[  910906ms] [ERROR] Failed to load resource: net::ERR_CONNECTION_CLOSED @ https://gm.mmstat.com/aliyun_com.homon.tracker-scm:0
[  920906ms] [ERROR] Failed to load resource: net::ERR_CONNECTION_CLOSED @ https://gm.mmstat.com/aliyun_com.homon.tracker-scm:0
[  930908ms] [ERROR] Failed to load resource: net::ERR_CONNECTION_CLOSED @ https://gm.mmstat.com/aliyun_com.homon.tracker-scm:0
[  940920ms] [ERROR] Failed to load resource: net::ERR_CONNECTION_CLOSED @ https://gm.mmstat.com/aliyun_com.homon.tracker-scm:0
[  950909ms] [ERROR] Failed to load resource: net::ERR_CONNECTION_CLOSED @ https://gm.mmstat.com/aliyun_com.homon.tracker-scm:0
[  960926ms] [ERROR] Failed to load resource: net::ERR_CONNECTION_CLOSED @ https://gm.mmstat.com/aliyun_com.homon.tracker-scm:0
[  970916ms] [ERROR] Failed to load resource: net::ERR_CONNECTION_CLOSED @ https://gm.mmstat.com/aliyun_com.homon.tracker-scm:0
[  980913ms] [ERROR] Failed to load resource: net::ERR_CONNECTION_CLOSED @ https://gm.mmstat.com/aliyun_com.homon.tracker-scm:0
[  990914ms] [ERROR] Failed to load resource: net::ERR_CONNECTION_CLOSED @ https://gm.mmstat.com/aliyun_com.homon.tracker-scm:0
[ 1000914ms] [ERROR] Failed to load resource: net::ERR_CONNECTION_CLOSED @ https://gm.mmstat.com/aliyun_com.homon.tracker-scm:0
[ 1010926ms] [ERROR] Failed to load resource: net::ERR_CONNECTION_CLOSED @ https://gm.mmstat.com/aliyun_com.homon.tracker-scm:0
[ 1020911ms] [ERROR] Failed to load resource: net::ERR_CONNECTION_CLOSED @ https://gm.mmstat.com/aliyun_com.homon.tracker-scm:0
[ 1030903ms] [ERROR] Failed to load resource: net::ERR_CONNECTION_CLOSED @ https://gm.mmstat.com/aliyun_com.homon.tracker-scm:0
[ 1040904ms] [ERROR] Failed to load resource: net::ERR_CONNECTION_CLOSED @ https://gm.mmstat.com/aliyun_com.homon.tracker-scm:0
[ 1050925ms] [ERROR] Failed to load resource: net::ERR_CONNECTION_CLOSED @ https://gm.mmstat.com/aliyun_com.homon.tracker-scm:0
[ 1060919ms] [ERROR] Failed to load resource: net::ERR_CONNECTION_CLOSED @ https://gm.mmstat.com/aliyun_com.homon.tracker-scm:0
[ 1070916ms] [ERROR] Failed to load resource: net::ERR_CONNECTION_CLOSED @ https://gm.mmstat.com/aliyun_com.homon.tracker-scm:0
[ 1080909ms] [ERROR] Failed to load resource: net::ERR_CONNECTION_CLOSED @ https://gm.mmstat.com/aliyun_com.homon.tracker-scm:0
[ 1090912ms] [ERROR] Failed to load resource: net::ERR_CONNECTION_CLOSED @ https://gm.mmstat.com/aliyun_com.homon.tracker-scm:0
[ 1100917ms] [ERROR] Failed to load resource: net::ERR_CONNECTION_CLOSED @ https://gm.mmstat.com/aliyun_com.homon.tracker-scm:0
[ 1110913ms] [ERROR] Failed to load resource: net::ERR_CONNECTION_CLOSED @ https://gm.mmstat.com/aliyun_com.homon.tracker-scm:0
[ 1120912ms] [ERROR] Failed to load resource: net::ERR_CONNECTION_CLOSED @ https://gm.mmstat.com/aliyun_com.homon.tracker-scm:0
[ 1130923ms] [ERROR] Failed to load resource: net::ERR_CONNECTION_CLOSED @ https://gm.mmstat.com/aliyun_com.homon.tracker-scm:0
[ 1140910ms] [ERROR] Failed to load resource: net::ERR_CONNECTION_CLOSED @ https://gm.mmstat.com/aliyun_com.homon.tracker-scm:0
[ 1150913ms] [ERROR] Failed to load resource: net::ERR_CONNECTION_CLOSED @ https://gm.mmstat.com/aliyun_com.homon.tracker-scm:0
[ 1160915ms] [ERROR] Failed to load resource: net::ERR_CONNECTION_CLOSED @ https://gm.mmstat.com/aliyun_com.homon.tracker-scm:0
[ 1170906ms] [ERROR] Failed to load resource: net::ERR_CONNECTION_CLOSED @ https://gm.mmstat.com/aliyun_com.homon.tracker-scm:0
[ 1180915ms] [ERROR] Failed to load resource: net::ERR_CONNECTION_CLOSED @ https://gm.mmstat.com/aliyun_com.homon.tracker-scm:0
[ 1190917ms] [ERROR] Failed to load resource: net::ERR_CONNECTION_CLOSED @ https://gm.mmstat.com/aliyun_com.homon.tracker-scm:0
[ 1200919ms] [ERROR] Failed to load resource: net::ERR_CONNECTION_CLOSED @ https://gm.mmstat.com/aliyun_com.homon.tracker-scm:0
[ 1210923ms] [ERROR] Failed to load resource: net::ERR_CONNECTION_CLOSED @ https://gm.mmstat.com/aliyun_com.homon.tracker-scm:0
[ 1220922ms] [ERROR] Failed to load resource: net::ERR_CONNECTION_CLOSED @ https://gm.mmstat.com/aliyun_com.homon.tracker-scm:0
[ 1230907ms] [ERROR] Failed to load resource: net::ERR_CONNECTION_CLOSED @ https://gm.mmstat.com/aliyun_com.homon.tracker-scm:0
[ 1240924ms] [ERROR] Failed to load resource: net::ERR_CONNECTION_CLOSED @ https://gm.mmstat.com/aliyun_com.homon.tracker-scm:0
[ 1250907ms] [ERROR] Failed to load resource: net::ERR_CONNECTION_CLOSED @ https://gm.mmstat.com/aliyun_com.homon.tracker-scm:0
[ 1260905ms] [ERROR] Failed to load resource: net::ERR_CONNECTION_CLOSED @ https://gm.mmstat.com/aliyun_com.homon.tracker-scm:0
[ 1270911ms] [ERROR] Failed to load resource: net::ERR_CONNECTION_CLOSED @ https://gm.mmstat.com/aliyun_com.homon.tracker-scm:0
[ 1280908ms] [ERROR] Failed to load resource: net::ERR_CONNECTION_CLOSED @ https://gm.mmstat.com/aliyun_com.homon.tracker-scm:0
[ 1290912ms] [ERROR] Failed to load resource: net::ERR_CONNECTION_CLOSED @ https://gm.mmstat.com/aliyun_com.homon.tracker-scm:0
[ 1300916ms] [ERROR] Failed to load resource: net::ERR_CONNECTION_CLOSED @ https://gm.mmstat.com/aliyun_com.homon.tracker-scm:0
[ 1310920ms] [ERROR] Failed to load resource: net::ERR_CONNECTION_CLOSED @ https://gm.mmstat.com/aliyun_com.homon.tracker-scm:0
[ 1320918ms] [ERROR] Failed to load resource: net::ERR_CONNECTION_CLOSED @ https://gm.mmstat.com/aliyun_com.homon.tracker-scm:0
[ 1330917ms] [ERROR] Failed to load resource: net::ERR_CONNECTION_CLOSED @ https://gm.mmstat.com/aliyun_com.homon.tracker-scm:0
[ 1340909ms] [ERROR] Failed to load resource: net::ERR_CONNECTION_CLOSED @ https://gm.mmstat.com/aliyun_com.homon.tracker-scm:0
[ 1350905ms] [ERROR] Failed to load resource: net::ERR_CONNECTION_CLOSED @ https://gm.mmstat.com/aliyun_com.homon.tracker-scm:0
[ 1360913ms] [ERROR] Failed to load resource: net::ERR_CONNECTION_CLOSED @ https://gm.mmstat.com/aliyun_com.homon.tracker-scm:0
[ 1370919ms] [ERROR] Failed to load resource: net::ERR_CONNECTION_CLOSED @ https://gm.mmstat.com/aliyun_com.homon.tracker-scm:0
[ 1380923ms] [ERROR] Failed to load resource: net::ERR_CONNECTION_CLOSED @ https://gm.mmstat.com/aliyun_com.homon.tracker-scm:0
[ 1390916ms] [ERROR] Failed to load resource: net::ERR_CONNECTION_CLOSED @ https://gm.mmstat.com/aliyun_com.homon.tracker-scm:0
[ 1400915ms] [ERROR] Failed to load resource: net::ERR_CONNECTION_CLOSED @ https://gm.mmstat.com/aliyun_com.homon.tracker-scm:0
[ 1410913ms] [ERROR] Failed to load resource: net::ERR_CONNECTION_CLOSED @ https://gm.mmstat.com/aliyun_com.homon.tracker-scm:0
[ 1420916ms] [ERROR] Failed to load resource: net::ERR_CONNECTION_CLOSED @ https://gm.mmstat.com/aliyun_com.homon.tracker-scm:0
[ 1430923ms] [ERROR] Failed to load resource: net::ERR_CONNECTION_CLOSED @ https://gm.mmstat.com/aliyun_com.homon.tracker-scm:0
[ 1440927ms] [ERROR] Failed to load resource: net::ERR_CONNECTION_CLOSED @ https://gm.mmstat.com/aliyun_com.homon.tracker-scm:0
[ 1450913ms] [ERROR] Failed to load resource: net::ERR_CONNECTION_CLOSED @ https://gm.mmstat.com/aliyun_com.homon.tracker-scm:0
[ 1460918ms] [ERROR] Failed to load resource: net::ERR_CONNECTION_CLOSED @ https://gm.mmstat.com/aliyun_com.homon.tracker-scm:0
[ 1470925ms] [ERROR] Failed to load resource: net::ERR_CONNECTION_CLOSED @ https://gm.mmstat.com/aliyun_com.homon.tracker-scm:0
[ 1480926ms] [ERROR] Failed to load resource: net::ERR_CONNECTION_CLOSED @ https://gm.mmstat.com/aliyun_com.homon.tracker-scm:0
[ 1485001ms] [ERROR] Failed to load resource: net::ERR_CONNECTION_CLOSED @ https://gm.mmstat.com/aes.1.1:0
[ 1490927ms] [ERROR] Failed to load resource: net::ERR_CONNECTION_CLOSED @ https://gm.mmstat.com/aliyun_com.homon.tracker-scm:0
[ 1500927ms] [ERROR] Failed to load resource: net::ERR_CONNECTION_CLOSED @ https://gm.mmstat.com/aliyun_com.homon.tracker-scm:0
[ 1510917ms] [ERROR] Failed to load resource: net::ERR_CONNECTION_CLOSED @ https://gm.mmstat.com/aliyun_com.homon.tracker-scm:0
[ 1520926ms] [ERROR] Failed to load resource: net::ERR_CONNECTION_CLOSED @ https://gm.mmstat.com/aliyun_com.homon.tracker-scm:0
[ 1530914ms] [ERROR] Failed to load resource: net::ERR_CONNECTION_CLOSED @ https://gm.mmstat.com/aliyun_com.homon.tracker-scm:0
[ 1540926ms] [ERROR] Failed to load resource: net::ERR_CONNECTION_CLOSED @ https://gm.mmstat.com/aliyun_com.homon.tracker-scm:0
[ 1550923ms] [ERROR] Failed to load resource: net::ERR_CONNECTION_CLOSED @ https://gm.mmstat.com/aliyun_com.homon.tracker-scm:0
[ 1560914ms] [ERROR] Failed to load resource: net::ERR_CONNECTION_CLOSED @ https://gm.mmstat.com/aliyun_com.homon.tracker-scm:0
[ 1570920ms] [ERROR] Failed to load resource: net::ERR_CONNECTION_CLOSED @ https://gm.mmstat.com/aliyun_com.homon.tracker-scm:0
[ 1580915ms] [ERROR] Failed to load resource: net::ERR_CONNECTION_CLOSED @ https://gm.mmstat.com/aliyun_com.homon.tracker-scm:0
[ 1590926ms] [ERROR] Failed to load resource: net::ERR_CONNECTION_CLOSED @ https://gm.mmstat.com/aliyun_com.homon.tracker-scm:0
[ 1600927ms] [ERROR] Failed to load resource: net::ERR_CONNECTION_CLOSED @ https://gm.mmstat.com/aliyun_com.homon.tracker-scm:0
[ 1610927ms] [ERROR] Failed to load resource: net::ERR_CONNECTION_CLOSED @ https://gm.mmstat.com/aliyun_com.homon.tracker-scm:0
[ 1620917ms] [ERROR] Failed to load resource: net::ERR_CONNECTION_CLOSED @ https://gm.mmstat.com/aliyun_com.homon.tracker-scm:0
[ 1630915ms] [ERROR] Failed to load resource: net::ERR_CONNECTION_CLOSED @ https://gm.mmstat.com/aliyun_com.homon.tracker-scm:0
[ 1640916ms] [ERROR] Failed to load resource: net::ERR_CONNECTION_CLOSED @ https://gm.mmstat.com/aliyun_com.homon.tracker-scm:0
[ 1650924ms] [ERROR] Failed to load resource: net::ERR_CONNECTION_CLOSED @ https://gm.mmstat.com/aliyun_com.homon.tracker-scm:0
[ 1660915ms] [ERROR] Failed to load resource: net::ERR_CONNECTION_CLOSED @ https://gm.mmstat.com/aliyun_com.homon.tracker-scm:0
[ 1670917ms] [ERROR] Failed to load resource: net::ERR_CONNECTION_CLOSED @ https://gm.mmstat.com/aliyun_com.homon.tracker-scm:0
[ 1680926ms] [ERROR] Failed to load resource: net::ERR_CONNECTION_CLOSED @ https://gm.mmstat.com/aliyun_com.homon.tracker-scm:0
[ 1690917ms] [ERROR] Failed to load resource: net::ERR_CONNECTION_CLOSED @ https://gm.mmstat.com/aliyun_com.homon.tracker-scm:0
[ 1700920ms] [ERROR] Failed to load resource: net::ERR_CONNECTION_CLOSED @ https://gm.mmstat.com/aliyun_com.homon.tracker-scm:0
[ 1710917ms] [ERROR] Failed to load resource: net::ERR_CONNECTION_CLOSED @ https://gm.mmstat.com/aliyun_com.homon.tracker-scm:0
[ 1720925ms] [ERROR] Failed to load resource: net::ERR_CONNECTION_CLOSED @ https://gm.mmstat.com/aliyun_com.homon.tracker-scm:0
[ 1730923ms] [ERROR] Failed to load resource: net::ERR_CONNECTION_CLOSED @ https://gm.mmstat.com/aliyun_com.homon.tracker-scm:0
[ 1740919ms] [ERROR] Failed to load resource: net::ERR_CONNECTION_CLOSED @ https://gm.mmstat.com/aliyun_com.homon.tracker-scm:0
[ 1750922ms] [ERROR] Failed to load resource: net::ERR_CONNECTION_CLOSED @ https://gm.mmstat.com/aliyun_com.homon.tracker-scm:0
[ 1760924ms] [ERROR] Failed to load resource: net::ERR_CONNECTION_CLOSED @ https://gm.mmstat.com/aliyun_com.homon.tracker-scm:0
[ 1770927ms] [ERROR] Failed to load resource: net::ERR_CONNECTION_CLOSED @ https://gm.mmstat.com/aliyun_com.homon.tracker-scm:0
[ 1780916ms] [ERROR] Failed to load resource: net::ERR_CONNECTION_CLOSED @ https://gm.mmstat.com/aliyun_com.homon.tracker-scm:0
[ 1790923ms] [ERROR] Failed to load resource: net::ERR_CONNECTION_CLOSED @ https://gm.mmstat.com/aliyun_com.homon.tracker-scm:0
[ 1800919ms] [ERROR] Failed to load resource: net::ERR_CONNECTION_CLOSED @ https://gm.mmstat.com/aliyun_com.homon.tracker-scm:0
[ 1810913ms] [ERROR] Failed to load resource: net::ERR_CONNECTION_CLOSED @ https://gm.mmstat.com/aliyun_com.homon.tracker-scm:0
[ 1820918ms] [ERROR] Failed to load resource: net::ERR_CONNECTION_CLOSED @ https://gm.mmstat.com/aliyun_com.homon.tracker-scm:0
[ 1830920ms] [ERROR] Failed to load resource: net::ERR_CONNECTION_CLOSED @ https://gm.mmstat.com/aliyun_com.homon.tracker-scm:0
[ 1840920ms] [ERROR] Failed to load resource: net::ERR_CONNECTION_CLOSED @ https://gm.mmstat.com/aliyun_com.homon.tracker-scm:0
[ 1850916ms] [ERROR] Failed to load resource: net::ERR_CONNECTION_CLOSED @ https://gm.mmstat.com/aliyun_com.homon.tracker-scm:0
[ 1860915ms] [ERROR] Failed to load resource: net::ERR_CONNECTION_CLOSED @ https://gm.mmstat.com/aliyun_com.homon.tracker-scm:0
[ 1870915ms] [ERROR] Failed to load resource: net::ERR_CONNECTION_CLOSED @ https://gm.mmstat.com/aliyun_com.homon.tracker-scm:0
[ 1880919ms] [ERROR] Failed to load resource: net::ERR_CONNECTION_CLOSED @ https://gm.mmstat.com/aliyun_com.homon.tracker-scm:0
[ 1890927ms] [ERROR] Failed to load resource: net::ERR_CONNECTION_CLOSED @ https://gm.mmstat.com/aliyun_com.homon.tracker-scm:0
[ 1900922ms] [ERROR] Failed to load resource: net::ERR_CONNECTION_CLOSED @ https://gm.mmstat.com/aliyun_com.homon.tracker-scm:0
[ 1910920ms] [ERROR] Failed to load resource: net::ERR_CONNECTION_CLOSED @ https://gm.mmstat.com/aliyun_com.homon.tracker-scm:0
[ 1920920ms] [ERROR] Failed to load resource: net::ERR_CONNECTION_CLOSED @ https://gm.mmstat.com/aliyun_com.homon.tracker-scm:0
[ 1930917ms] [ERROR] Failed to load resource: net::ERR_CONNECTION_CLOSED @ https://gm.mmstat.com/aliyun_com.homon.tracker-scm:0
[ 1940922ms] [ERROR] Failed to load resource: net::ERR_CONNECTION_CLOSED @ https://gm.mmstat.com/aliyun_com.homon.tracker-scm:0
[ 1950915ms] [ERROR] Failed to load resource: net::ERR_CONNECTION_CLOSED @ https://gm.mmstat.com/aliyun_com.homon.tracker-scm:0
[ 1960913ms] [ERROR] Failed to load resource: net::ERR_CONNECTION_CLOSED @ https://gm.mmstat.com/aliyun_com.homon.tracker-scm:0
[ 1970916ms] [ERROR] Failed to load resource: net::ERR_CONNECTION_CLOSED @ https://gm.mmstat.com/aliyun_com.homon.tracker-scm:0
[ 1980924ms] [ERROR] Failed to load resource: net::ERR_CONNECTION_CLOSED @ https://gm.mmstat.com/aliyun_com.homon.tracker-scm:0
[ 1990923ms] [ERROR] Failed to load resource: net::ERR_CONNECTION_CLOSED @ https://gm.mmstat.com/aliyun_com.homon.tracker-scm:0
[ 2000922ms] [ERROR] Failed to load resource: net::ERR_CONNECTION_CLOSED @ https://gm.mmstat.com/aliyun_com.homon.tracker-scm:0
[ 2010927ms] [ERROR] Failed to load resource: net::ERR_CONNECTION_CLOSED @ https://gm.mmstat.com/aliyun_com.homon.tracker-scm:0
[ 2020926ms] [ERROR] Failed to load resource: net::ERR_CONNECTION_CLOSED @ https://gm.mmstat.com/aliyun_com.homon.tracker-scm:0
[ 2030928ms] [ERROR] Failed to load resource: net::ERR_CONNECTION_CLOSED @ https://gm.mmstat.com/aliyun_com.homon.tracker-scm:0
[ 2040921ms] [ERROR] Failed to load resource: net::ERR_CONNECTION_CLOSED @ https://gm.mmstat.com/aliyun_com.homon.tracker-scm:0
[ 2050918ms] [ERROR] Failed to load resource: net::ERR_CONNECTION_CLOSED @ https://gm.mmstat.com/aliyun_com.homon.tracker-scm:0
[ 2060914ms] [ERROR] Failed to load resource: net::ERR_CONNECTION_CLOSED @ https://gm.mmstat.com/aliyun_com.homon.tracker-scm:0
[ 2070923ms] [ERROR] Failed to load resource: net::ERR_CONNECTION_CLOSED @ https://gm.mmstat.com/aliyun_com.homon.tracker-scm:0
[ 2080924ms] [ERROR] Failed to load resource: net::ERR_CONNECTION_CLOSED @ https://gm.mmstat.com/aliyun_com.homon.tracker-scm:0
[ 2090923ms] [ERROR] Failed to load resource: net::ERR_CONNECTION_CLOSED @ https://gm.mmstat.com/aliyun_com.homon.tracker-scm:0
[ 2100917ms] [ERROR] Failed to load resource: net::ERR_CONNECTION_CLOSED @ https://gm.mmstat.com/aliyun_com.homon.tracker-scm:0
[ 2110922ms] [ERROR] Failed to load resource: net::ERR_CONNECTION_CLOSED @ https://gm.mmstat.com/aliyun_com.homon.tracker-scm:0
[ 2120924ms] [ERROR] Failed to load resource: net::ERR_CONNECTION_CLOSED @ https://gm.mmstat.com/aliyun_com.homon.tracker-scm:0
[ 2130926ms] [ERROR] Failed to load resource: net::ERR_CONNECTION_CLOSED @ https://gm.mmstat.com/aliyun_com.homon.tracker-scm:0
[ 2140922ms] [ERROR] Failed to load resource: net::ERR_CONNECTION_CLOSED @ https://gm.mmstat.com/aliyun_com.homon.tracker-scm:0
[ 2150921ms] [ERROR] Failed to load resource: net::ERR_CONNECTION_CLOSED @ https://gm.mmstat.com/aliyun_com.homon.tracker-scm:0
[ 2160921ms] [ERROR] Failed to load resource: net::ERR_CONNECTION_CLOSED @ https://gm.mmstat.com/aliyun_com.homon.tracker-scm:0
[ 2170926ms] [ERROR] Failed to load resource: net::ERR_CONNECTION_CLOSED @ https://gm.mmstat.com/aliyun_com.homon.tracker-scm:0
[ 2180915ms] [ERROR] Failed to load resource: net::ERR_CONNECTION_CLOSED @ https://gm.mmstat.com/aliyun_com.homon.tracker-scm:0
[ 2190926ms] [ERROR] Failed to load resource: net::ERR_CONNECTION_CLOSED @ https://gm.mmstat.com/aliyun_com.homon.tracker-scm:0
[ 2200925ms] [ERROR] Failed to load resource: net::ERR_CONNECTION_CLOSED @ https://gm.mmstat.com/aliyun_com.homon.tracker-scm:0
[ 2210914ms] [ERROR] Failed to load resource: net::ERR_CONNECTION_CLOSED @ https://gm.mmstat.com/aliyun_com.homon.tracker-scm:0
[ 2220918ms] [ERROR] Failed to load resource: net::ERR_CONNECTION_CLOSED @ https://gm.mmstat.com/aliyun_com.homon.tracker-scm:0
[ 2230921ms] [ERROR] Failed to load resource: net::ERR_CONNECTION_CLOSED @ https://gm.mmstat.com/aliyun_com.homon.tracker-scm:0
[ 2240923ms] [ERROR] Failed to load resource: net::ERR_CONNECTION_CLOSED @ https://gm.mmstat.com/aliyun_com.homon.tracker-scm:0
[ 2250925ms] [ERROR] Failed to load resource: net::ERR_CONNECTION_CLOSED @ https://gm.mmstat.com/aliyun_com.homon.tracker-scm:0
[ 2260924ms] [ERROR] Failed to load resource: net::ERR_CONNECTION_CLOSED @ https://gm.mmstat.com/aliyun_com.homon.tracker-scm:0
[ 2270918ms] [ERROR] Failed to load resource: net::ERR_CONNECTION_CLOSED @ https://gm.mmstat.com/aliyun_com.homon.tracker-scm:0
[ 2280914ms] [ERROR] Failed to load resource: net::ERR_CONNECTION_CLOSED @ https://gm.mmstat.com/aliyun_com.homon.tracker-scm:0
[ 2290927ms] [ERROR] Failed to load resource: net::ERR_CONNECTION_CLOSED @ https://gm.mmstat.com/aliyun_com.homon.tracker-scm:0
[ 2300927ms] [ERROR] Failed to load resource: net::ERR_CONNECTION_CLOSED @ https://gm.mmstat.com/aliyun_com.homon.tracker-scm:0
[ 2310923ms] [ERROR] Failed to load resource: net::ERR_CONNECTION_CLOSED @ https://gm.mmstat.com/aliyun_com.homon.tracker-scm:0
[ 2320927ms] [ERROR] Failed to load resource: net::ERR_CONNECTION_CLOSED @ https://gm.mmstat.com/aliyun_com.homon.tracker-scm:0
[ 2330921ms] [ERROR] Failed to load resource: net::ERR_CONNECTION_CLOSED @ https://gm.mmstat.com/aliyun_com.homon.tracker-scm:0
[ 2340925ms] [ERROR] Failed to load resource: net::ERR_CONNECTION_CLOSED @ https://gm.mmstat.com/aliyun_com.homon.tracker-scm:0
[ 2350916ms] [ERROR] Failed to load resource: net::ERR_CONNECTION_CLOSED @ https://gm.mmstat.com/aliyun_com.homon.tracker-scm:0
[ 2360922ms] [ERROR] Failed to load resource: net::ERR_CONNECTION_CLOSED @ https://gm.mmstat.com/aliyun_com.homon.tracker-scm:0
[ 2370923ms] [ERROR] Failed to load resource: net::ERR_CONNECTION_CLOSED @ https://gm.mmstat.com/aliyun_com.homon.tracker-scm:0
[ 2380920ms] [ERROR] Failed to load resource: net::ERR_CONNECTION_CLOSED @ https://gm.mmstat.com/aliyun_com.homon.tracker-scm:0
[ 2390917ms] [ERROR] Failed to load resource: net::ERR_CONNECTION_CLOSED @ https://gm.mmstat.com/aliyun_com.homon.tracker-scm:0
[ 2400916ms] [ERROR] Failed to load resource: net::ERR_CONNECTION_CLOSED @ https://gm.mmstat.com/aliyun_com.homon.tracker-scm:0
[ 2410927ms] [ERROR] Failed to load resource: net::ERR_CONNECTION_CLOSED @ https://gm.mmstat.com/aliyun_com.homon.tracker-scm:0
[ 2420928ms] [ERROR] Failed to load resource: net::ERR_CONNECTION_CLOSED @ https://gm.mmstat.com/aliyun_com.homon.tracker-scm:0
[ 2430916ms] [ERROR] Failed to load resource: net::ERR_CONNECTION_CLOSED @ https://gm.mmstat.com/aliyun_com.homon.tracker-scm:0
[ 2440924ms] [ERROR] Failed to load resource: net::ERR_CONNECTION_CLOSED @ https://gm.mmstat.com/aliyun_com.homon.tracker-scm:0
[ 2450916ms] [ERROR] Failed to load resource: net::ERR_CONNECTION_CLOSED @ https://gm.mmstat.com/aliyun_com.homon.tracker-scm:0
[ 2460924ms] [ERROR] Failed to load resource: net::ERR_CONNECTION_CLOSED @ https://gm.mmstat.com/aliyun_com.homon.tracker-scm:0
[ 2470921ms] [ERROR] Failed to load resource: net::ERR_CONNECTION_CLOSED @ https://gm.mmstat.com/aliyun_com.homon.tracker-scm:0
[ 2480926ms] [ERROR] Failed to load resource: net::ERR_CONNECTION_CLOSED @ https://gm.mmstat.com/aliyun_com.homon.tracker-scm:0
[ 2490916ms] [ERROR] Failed to load resource: net::ERR_CONNECTION_CLOSED @ https://gm.mmstat.com/aliyun_com.homon.tracker-scm:0
[ 2500923ms] [ERROR] Failed to load resource: net::ERR_CONNECTION_CLOSED @ https://gm.mmstat.com/aliyun_com.homon.tracker-scm:0
[ 2510924ms] [ERROR] Failed to load resource: net::ERR_CONNECTION_CLOSED @ https://gm.mmstat.com/aliyun_com.homon.tracker-scm:0
[ 2520922ms] [ERROR] Failed to load resource: net::ERR_CONNECTION_CLOSED @ https://gm.mmstat.com/aliyun_com.homon.tracker-scm:0
[ 2530924ms] [ERROR] Failed to load resource: net::ERR_CONNECTION_CLOSED @ https://gm.mmstat.com/aliyun_com.homon.tracker-scm:0
[ 2540913ms] [ERROR] Failed to load resource: net::ERR_CONNECTION_CLOSED @ https://gm.mmstat.com/aliyun_com.homon.tracker-scm:0
[ 2550916ms] [ERROR] Failed to load resource: net::ERR_CONNECTION_CLOSED @ https://gm.mmstat.com/aliyun_com.homon.tracker-scm:0
[ 2560919ms] [ERROR] Failed to load resource: net::ERR_CONNECTION_CLOSED @ https://gm.mmstat.com/aliyun_com.homon.tracker-scm:0
[ 2570913ms] [ERROR] Failed to load resource: net::ERR_CONNECTION_CLOSED @ https://gm.mmstat.com/aliyun_com.homon.tracker-scm:0
[ 2580918ms] [ERROR] Failed to load resource: net::ERR_CONNECTION_CLOSED @ https://gm.mmstat.com/aliyun_com.homon.tracker-scm:0
[ 2590928ms] [ERROR] Failed to load resource: net::ERR_CONNECTION_CLOSED @ https://gm.mmstat.com/aliyun_com.homon.tracker-scm:0
[ 2600928ms] [ERROR] Failed to load resource: net::ERR_CONNECTION_CLOSED @ https://gm.mmstat.com/aliyun_com.homon.tracker-scm:0
[ 2610927ms] [ERROR] Failed to load resource: net::ERR_CONNECTION_CLOSED @ https://gm.mmstat.com/aliyun_com.homon.tracker-scm:0
[ 2620920ms] [ERROR] Failed to load resource: net::ERR_CONNECTION_CLOSED @ https://gm.mmstat.com/aliyun_com.homon.tracker-scm:0
[ 2630926ms] [ERROR] Failed to load resource: net::ERR_CONNECTION_CLOSED @ https://gm.mmstat.com/aliyun_com.homon.tracker-scm:0
[ 2640918ms] [ERROR] Failed to load resource: net::ERR_CONNECTION_CLOSED @ https://gm.mmstat.com/aliyun_com.homon.tracker-scm:0
[ 2650913ms] [ERROR] Failed to load resource: net::ERR_CONNECTION_CLOSED @ https://gm.mmstat.com/aliyun_com.homon.tracker-scm:0
[ 2660924ms] [ERROR] Failed to load resource: net::ERR_CONNECTION_CLOSED @ https://gm.mmstat.com/aliyun_com.homon.tracker-scm:0
